   1              		.syntax unified
   2              		.cpu cortex-m4
   3              		.eabi_attribute 27, 3
   4              		.fpu fpv4-sp-d16
   5              		.eabi_attribute 20, 1
   6              		.eabi_attribute 21, 1
   7              		.eabi_attribute 23, 3
   8              		.eabi_attribute 24, 1
   9              		.eabi_attribute 25, 1
  10              		.eabi_attribute 26, 1
  11              		.eabi_attribute 30, 6
  12              		.eabi_attribute 34, 1
  13              		.eabi_attribute 18, 4
  14              		.thumb
  15              		.file	"MULTIPLEXER.c"
  16              		.text
  17              	.Ltext0:
  18              		.cfi_sections	.debug_frame
  19              		.section	.text.DAVE_MUX_Init,"ax",%progbits
  20              		.align	2
  21              		.global	DAVE_MUX_Init
  22              		.thumb
  23              		.thumb_func
  25              	DAVE_MUX_Init:
  26              	.LFB117:
  27              		.file 1 "../Dave/Generated/src/DAVESupport/MULTIPLEXER.c"
   1:../Dave/Generated/src/DAVESupport/MULTIPLEXER.c **** /*******************************************************************************
   2:../Dave/Generated/src/DAVESupport/MULTIPLEXER.c **** **  DAVE App Name : DAVESupport       App Version: 1.0.44               
   3:../Dave/Generated/src/DAVESupport/MULTIPLEXER.c **** **  This file is generated by DAVE, User modification to this file will be    **
   4:../Dave/Generated/src/DAVESupport/MULTIPLEXER.c **** **  overwritten at the next code generation.                                  **
   5:../Dave/Generated/src/DAVESupport/MULTIPLEXER.c **** *******************************************************************************/
   6:../Dave/Generated/src/DAVESupport/MULTIPLEXER.c **** 
   7:../Dave/Generated/src/DAVESupport/MULTIPLEXER.c **** 
   8:../Dave/Generated/src/DAVESupport/MULTIPLEXER.c **** /*******************************************************************************
   9:../Dave/Generated/src/DAVESupport/MULTIPLEXER.c ****  Copyright (c) 2014, Infineon Technologies AG                                 **
  10:../Dave/Generated/src/DAVESupport/MULTIPLEXER.c ****  All rights reserved.                                                         **
  11:../Dave/Generated/src/DAVESupport/MULTIPLEXER.c ****                                                                               **
  12:../Dave/Generated/src/DAVESupport/MULTIPLEXER.c ****  Redistribution and use in source and binary forms, with or without           **
  13:../Dave/Generated/src/DAVESupport/MULTIPLEXER.c ****  modification,are permitted provided that the following conditions are met:   **
  14:../Dave/Generated/src/DAVESupport/MULTIPLEXER.c ****                                                                               **
  15:../Dave/Generated/src/DAVESupport/MULTIPLEXER.c ****  *Redistributions of source code must retain the above copyright notice,      **
  16:../Dave/Generated/src/DAVESupport/MULTIPLEXER.c ****  this list of conditions and the following disclaimer.                        **
  17:../Dave/Generated/src/DAVESupport/MULTIPLEXER.c ****  *Redistributions in binary form must reproduce the above copyright notice,   **
  18:../Dave/Generated/src/DAVESupport/MULTIPLEXER.c ****  this list of conditions and the following disclaimer in the documentation    **
  19:../Dave/Generated/src/DAVESupport/MULTIPLEXER.c ****  and/or other materials provided with the distribution.                       **
  20:../Dave/Generated/src/DAVESupport/MULTIPLEXER.c ****  *Neither the name of the copyright holders nor the names of its contributors **
  21:../Dave/Generated/src/DAVESupport/MULTIPLEXER.c ****  may be used to endorse or promote products derived from this software without**
  22:../Dave/Generated/src/DAVESupport/MULTIPLEXER.c ****  specific prior written permission.                                           **
  23:../Dave/Generated/src/DAVESupport/MULTIPLEXER.c ****                                                                               **
  24:../Dave/Generated/src/DAVESupport/MULTIPLEXER.c ****  THIS SOFTWARE IS PROVIDED BY THE COPYRIGHT HOLDERS AND CONTRIBUTORS "AS IS"  **
  25:../Dave/Generated/src/DAVESupport/MULTIPLEXER.c ****  AND ANY EXPRESS OR IMPLIED WARRANTIES, INCLUDING, BUT NOT LIMITED TO, THE    **
  26:../Dave/Generated/src/DAVESupport/MULTIPLEXER.c ****  IMPLIED WARRANTIES OF MERCHANTABILITY AND FITNESS FOR A PARTICULAR PURPOSE   **
  27:../Dave/Generated/src/DAVESupport/MULTIPLEXER.c ****  ARE  DISCLAIMED. IN NO EVENT SHALL THE COPYRIGHT HOLDER OR CONTRIBUTORS BE   **
  28:../Dave/Generated/src/DAVESupport/MULTIPLEXER.c ****  LIABLE  FOR ANY DIRECT, INDIRECT, INCIDENTAL, SPECIAL, EXEMPLARY, OR         **
  29:../Dave/Generated/src/DAVESupport/MULTIPLEXER.c ****  CONSEQUENTIAL DAMAGES (INCLUDING, BUT NOT LIMITED TO, PROCUREMENT OF         **
  30:../Dave/Generated/src/DAVESupport/MULTIPLEXER.c ****  SUBSTITUTE GOODS OR  SERVICES; LOSS OF USE, DATA, OR PROFITS; OR BUSINESS    **
  31:../Dave/Generated/src/DAVESupport/MULTIPLEXER.c ****  INTERRUPTION) HOWEVER CAUSED AND ON ANY THEORY OF LIABILITY, WHETHER IN      **
  32:../Dave/Generated/src/DAVESupport/MULTIPLEXER.c ****  CONTRACT, STRICT LIABILITY,OR TORT (INCLUDING NEGLIGENCE OR OTHERWISE)       **
  33:../Dave/Generated/src/DAVESupport/MULTIPLEXER.c ****  ARISING IN ANY WAY OUT OF THE USE OF THIS SOFTWARE, EVEN IF ADVISED OF THE   **
  34:../Dave/Generated/src/DAVESupport/MULTIPLEXER.c ****  POSSIBILITY OF SUCH DAMAGE.                                                  **
  35:../Dave/Generated/src/DAVESupport/MULTIPLEXER.c ****                                                                               **
  36:../Dave/Generated/src/DAVESupport/MULTIPLEXER.c ****  To improve the quality of the software, users are encouraged to share        **
  37:../Dave/Generated/src/DAVESupport/MULTIPLEXER.c ****  modifications, enhancements or bug fixes with Infineon Technologies AG       **
  38:../Dave/Generated/src/DAVESupport/MULTIPLEXER.c ****  dave@infineon.com).                                                          **
  39:../Dave/Generated/src/DAVESupport/MULTIPLEXER.c ****                                                                               **
  40:../Dave/Generated/src/DAVESupport/MULTIPLEXER.c **** ********************************************************************************
  41:../Dave/Generated/src/DAVESupport/MULTIPLEXER.c **** **                                                                            **
  42:../Dave/Generated/src/DAVESupport/MULTIPLEXER.c **** **                                                                            **
  43:../Dave/Generated/src/DAVESupport/MULTIPLEXER.c **** ** PLATFORM : Infineon <Microcontroller name, step>                           **
  44:../Dave/Generated/src/DAVESupport/MULTIPLEXER.c **** **                                                                            **
  45:../Dave/Generated/src/DAVESupport/MULTIPLEXER.c **** ** COMPILER : Compiler Independent                                            **
  46:../Dave/Generated/src/DAVESupport/MULTIPLEXER.c **** **                                                                            **
  47:../Dave/Generated/src/DAVESupport/MULTIPLEXER.c **** ** MODIFICATION DATE : April 23, 2014                                     **
  48:../Dave/Generated/src/DAVESupport/MULTIPLEXER.c **** **                                                                            **
  49:../Dave/Generated/src/DAVESupport/MULTIPLEXER.c **** *******************************************************************************/
  50:../Dave/Generated/src/DAVESupport/MULTIPLEXER.c **** /**
  51:../Dave/Generated/src/DAVESupport/MULTIPLEXER.c ****  * @file  MULTIPLEXER.c
  52:../Dave/Generated/src/DAVESupport/MULTIPLEXER.c ****  *
  53:../Dave/Generated/src/DAVESupport/MULTIPLEXER.c ****  * @brief This file contains implementation of DAVE Support function which 
  54:../Dave/Generated/src/DAVESupport/MULTIPLEXER.c ****  * uses to configure multiplexer register values.
  55:../Dave/Generated/src/DAVESupport/MULTIPLEXER.c ****  * 24 July 2013 v1.0.34 Initial Version
  56:../Dave/Generated/src/DAVESupport/MULTIPLEXER.c ****  * 06 sep 2013 v1.0.36  UART001 : Mux : One instruction for output pins 
  57:../Dave/Generated/src/DAVESupport/MULTIPLEXER.c ****  *                      initialisation.
  58:../Dave/Generated/src/DAVESupport/MULTIPLEXER.c ****  *                      CAN001 & CAN002 : Avoid twice reset of the INIT bit in 
  59:../Dave/Generated/src/DAVESupport/MULTIPLEXER.c ****  *                      Can001_lNodeInit & DAVE_MUX_Init.
  60:../Dave/Generated/src/DAVESupport/MULTIPLEXER.c ****  *                      WR_REGHIB Macro definition has been changed.
  61:../Dave/Generated/src/DAVESupport/MULTIPLEXER.c ****  * 23 April 2014 v1.0.44 HRPWM MUX configuration supported.                      
  62:../Dave/Generated/src/DAVESupport/MULTIPLEXER.c ****  *                      
  63:../Dave/Generated/src/DAVESupport/MULTIPLEXER.c ****  */
  64:../Dave/Generated/src/DAVESupport/MULTIPLEXER.c **** 
  65:../Dave/Generated/src/DAVESupport/MULTIPLEXER.c **** /*******************************************************************************
  66:../Dave/Generated/src/DAVESupport/MULTIPLEXER.c **** **                      Include Files                                         **
  67:../Dave/Generated/src/DAVESupport/MULTIPLEXER.c **** *******************************************************************************/
  68:../Dave/Generated/src/DAVESupport/MULTIPLEXER.c **** #include "../../inc/DAVESupport/DAVE3.h"
  69:../Dave/Generated/src/DAVESupport/MULTIPLEXER.c **** 
  70:../Dave/Generated/src/DAVESupport/MULTIPLEXER.c **** /*******************************************************************************
  71:../Dave/Generated/src/DAVESupport/MULTIPLEXER.c **** **                 Function declarations                                     **
  72:../Dave/Generated/src/DAVESupport/MULTIPLEXER.c **** *******************************************************************************/
  73:../Dave/Generated/src/DAVESupport/MULTIPLEXER.c **** /*******************************************************************************
  74:../Dave/Generated/src/DAVESupport/MULTIPLEXER.c **** ** Syntax           : void DAVE_MUX_Init(void)                                **
  75:../Dave/Generated/src/DAVESupport/MULTIPLEXER.c **** **                                                                            **
  76:../Dave/Generated/src/DAVESupport/MULTIPLEXER.c **** ** Reentrancy       : None                                                    **
  77:../Dave/Generated/src/DAVESupport/MULTIPLEXER.c **** **                                                                            **
  78:../Dave/Generated/src/DAVESupport/MULTIPLEXER.c **** ** Parameters (in)  : void                                                    **
  79:../Dave/Generated/src/DAVESupport/MULTIPLEXER.c **** **                                                                            **
  80:../Dave/Generated/src/DAVESupport/MULTIPLEXER.c **** ** Parameters (out) : none                                                    **
  81:../Dave/Generated/src/DAVESupport/MULTIPLEXER.c **** **                                                                            **
  82:../Dave/Generated/src/DAVESupport/MULTIPLEXER.c **** ** Return value     : none                                                    **
  83:../Dave/Generated/src/DAVESupport/MULTIPLEXER.c **** **                                                                            **
  84:../Dave/Generated/src/DAVESupport/MULTIPLEXER.c **** ** Description      : This is the Mux configuration                           **
  85:../Dave/Generated/src/DAVESupport/MULTIPLEXER.c **** **                                                                            **
  86:../Dave/Generated/src/DAVESupport/MULTIPLEXER.c **** *******************************************************************************/
  87:../Dave/Generated/src/DAVESupport/MULTIPLEXER.c ****            
  88:../Dave/Generated/src/DAVESupport/MULTIPLEXER.c **** void DAVE_MUX_Init(void)
  89:../Dave/Generated/src/DAVESupport/MULTIPLEXER.c **** {  
  28              		.loc 1 89 0
  29              		.cfi_startproc
  30              		@ args = 0, pretend = 0, frame = 24
  31              		@ frame_needed = 1, uses_anonymous_args = 0
  32              		@ link register save eliminated.
  33 0000 80B4     		push	{r7}
  34              	.LCFI0:
  35              		.cfi_def_cfa_offset 4
  36              		.cfi_offset 7, -4
  37 0002 87B0     		sub	sp, sp, #28
  38              	.LCFI1:
  39              		.cfi_def_cfa_offset 32
  40 0004 00AF     		add	r7, sp, #0
  41              	.LCFI2:
  42              		.cfi_def_cfa_register 7
  90:../Dave/Generated/src/DAVESupport/MULTIPLEXER.c ****    	 
  91:../Dave/Generated/src/DAVESupport/MULTIPLEXER.c ****             	         
  92:../Dave/Generated/src/DAVESupport/MULTIPLEXER.c ****                                      
  93:../Dave/Generated/src/DAVESupport/MULTIPLEXER.c ****        /*        SCU Macro definitions     */                        
  94:../Dave/Generated/src/DAVESupport/MULTIPLEXER.c ****    	 
  95:../Dave/Generated/src/DAVESupport/MULTIPLEXER.c ****       
  96:../Dave/Generated/src/DAVESupport/MULTIPLEXER.c **** //********* MODULE USIC CONFIGURATIONS *************************	        
  97:../Dave/Generated/src/DAVESupport/MULTIPLEXER.c ****         
  98:../Dave/Generated/src/DAVESupport/MULTIPLEXER.c ****            
  99:../Dave/Generated/src/DAVESupport/MULTIPLEXER.c ****    /* Disable mode before configuring all USIC registers to avoid unintended edges */   
 100:../Dave/Generated/src/DAVESupport/MULTIPLEXER.c ****       /* Variable to store the CCR_MODE values for various USIC channels */ 
 101:../Dave/Generated/src/DAVESupport/MULTIPLEXER.c ****       uint32_t UsicCcrMode[6] = {0};
  43              		.loc 1 101 0
  44 0006 3B46     		mov	r3, r7
  45 0008 4FF00002 		mov	r2, #0
  46 000c 1A60     		str	r2, [r3, #0]
  47 000e 03F10403 		add	r3, r3, #4
  48 0012 4FF00002 		mov	r2, #0
  49 0016 1A60     		str	r2, [r3, #0]
  50 0018 03F10403 		add	r3, r3, #4
  51 001c 4FF00002 		mov	r2, #0
  52 0020 1A60     		str	r2, [r3, #0]
  53 0022 03F10403 		add	r3, r3, #4
  54 0026 4FF00002 		mov	r2, #0
  55 002a 1A60     		str	r2, [r3, #0]
  56 002c 03F10403 		add	r3, r3, #4
  57 0030 4FF00002 		mov	r2, #0
  58 0034 1A60     		str	r2, [r3, #0]
  59 0036 03F10403 		add	r3, r3, #4
  60 003a 4FF00002 		mov	r2, #0
  61 003e 1A60     		str	r2, [r3, #0]
  62 0040 03F10403 		add	r3, r3, #4
 102:../Dave/Generated/src/DAVESupport/MULTIPLEXER.c ****            
 103:../Dave/Generated/src/DAVESupport/MULTIPLEXER.c ****     UsicCcrMode[0] |= (uint32_t) RD_REG(USIC0_CH0->CCR, USIC_CH_CCR_MODE_Msk, USIC_CH_CCR_MODE_Pos)
  63              		.loc 1 103 0
  64 0044 3A68     		ldr	r2, [r7, #0]
  65 0046 4FF00003 		mov	r3, #0
  66 004a C4F20303 		movt	r3, 16387
  67 004e 1B6C     		ldr	r3, [r3, #64]
  68 0050 03F00F03 		and	r3, r3, #15
  69 0054 1343     		orrs	r3, r3, r2
  70 0056 3B60     		str	r3, [r7, #0]
 104:../Dave/Generated/src/DAVESupport/MULTIPLEXER.c ****     WR_REG(USIC0_CH0->CCR, USIC_CH_CCR_MODE_Msk, USIC_CH_CCR_MODE_Pos,0);  
  71              		.loc 1 104 0
  72 0058 4FF00003 		mov	r3, #0
  73 005c C4F20303 		movt	r3, 16387
  74 0060 4FF00002 		mov	r2, #0
  75 0064 C4F20302 		movt	r2, 16387
  76 0068 126C     		ldr	r2, [r2, #64]
  77 006a 22F00F02 		bic	r2, r2, #15
  78 006e 1A64     		str	r2, [r3, #64]
 105:../Dave/Generated/src/DAVESupport/MULTIPLEXER.c ****                          
 106:../Dave/Generated/src/DAVESupport/MULTIPLEXER.c ****     UsicCcrMode[2] |= (uint32_t) RD_REG(USIC1_CH0->CCR, USIC_CH_CCR_MODE_Msk, USIC_CH_CCR_MODE_Pos)
  79              		.loc 1 106 0
  80 0070 BA68     		ldr	r2, [r7, #8]
  81 0072 4FF00003 		mov	r3, #0
  82 0076 C4F60203 		movt	r3, 18434
  83 007a 1B6C     		ldr	r3, [r3, #64]
  84 007c 03F00F03 		and	r3, r3, #15
  85 0080 1343     		orrs	r3, r3, r2
  86 0082 BB60     		str	r3, [r7, #8]
 107:../Dave/Generated/src/DAVESupport/MULTIPLEXER.c ****     WR_REG(USIC1_CH0->CCR, USIC_CH_CCR_MODE_Msk, USIC_CH_CCR_MODE_Pos,0);
  87              		.loc 1 107 0
  88 0084 4FF00003 		mov	r3, #0
  89 0088 C4F60203 		movt	r3, 18434
  90 008c 4FF00002 		mov	r2, #0
  91 0090 C4F60202 		movt	r2, 18434
  92 0094 126C     		ldr	r2, [r2, #64]
  93 0096 22F00F02 		bic	r2, r2, #15
  94 009a 1A64     		str	r2, [r3, #64]
 108:../Dave/Generated/src/DAVESupport/MULTIPLEXER.c ****                     
 109:../Dave/Generated/src/DAVESupport/MULTIPLEXER.c ****     UsicCcrMode[3] |= (uint32_t) RD_REG(USIC1_CH1->CCR, USIC_CH_CCR_MODE_Msk, USIC_CH_CCR_MODE_Pos)
  95              		.loc 1 109 0
  96 009c FA68     		ldr	r2, [r7, #12]
  97 009e 4FF40073 		mov	r3, #512
  98 00a2 C4F60203 		movt	r3, 18434
  99 00a6 1B6C     		ldr	r3, [r3, #64]
 100 00a8 03F00F03 		and	r3, r3, #15
 101 00ac 1343     		orrs	r3, r3, r2
 102 00ae FB60     		str	r3, [r7, #12]
 110:../Dave/Generated/src/DAVESupport/MULTIPLEXER.c ****     WR_REG(USIC1_CH1->CCR, USIC_CH_CCR_MODE_Msk, USIC_CH_CCR_MODE_Pos,0);
 103              		.loc 1 110 0
 104 00b0 4FF40073 		mov	r3, #512
 105 00b4 C4F60203 		movt	r3, 18434
 106 00b8 4FF40072 		mov	r2, #512
 107 00bc C4F60202 		movt	r2, 18434
 108 00c0 126C     		ldr	r2, [r2, #64]
 109 00c2 22F00F02 		bic	r2, r2, #15
 110 00c6 1A64     		str	r2, [r3, #64]
 111:../Dave/Generated/src/DAVESupport/MULTIPLEXER.c ****            
 112:../Dave/Generated/src/DAVESupport/MULTIPLEXER.c ****     UsicCcrMode[4] |= (uint32_t) RD_REG(USIC2_CH0->CCR, USIC_CH_CCR_MODE_Msk, USIC_CH_CCR_MODE_Pos)
 111              		.loc 1 112 0
 112 00c8 3A69     		ldr	r2, [r7, #16]
 113 00ca 4FF48043 		mov	r3, #16384
 114 00ce C4F60203 		movt	r3, 18434
 115 00d2 1B6C     		ldr	r3, [r3, #64]
 116 00d4 03F00F03 		and	r3, r3, #15
 117 00d8 1343     		orrs	r3, r3, r2
 118 00da 3B61     		str	r3, [r7, #16]
 113:../Dave/Generated/src/DAVESupport/MULTIPLEXER.c ****     WR_REG(USIC2_CH0->CCR, USIC_CH_CCR_MODE_Msk, USIC_CH_CCR_MODE_Pos,0);
 119              		.loc 1 113 0
 120 00dc 4FF48043 		mov	r3, #16384
 121 00e0 C4F60203 		movt	r3, 18434
 122 00e4 4FF48042 		mov	r2, #16384
 123 00e8 C4F60202 		movt	r2, 18434
 124 00ec 126C     		ldr	r2, [r2, #64]
 125 00ee 22F00F02 		bic	r2, r2, #15
 126 00f2 1A64     		str	r2, [r3, #64]
 114:../Dave/Generated/src/DAVESupport/MULTIPLEXER.c ****       
 115:../Dave/Generated/src/DAVESupport/MULTIPLEXER.c ****       
 116:../Dave/Generated/src/DAVESupport/MULTIPLEXER.c ****     						
 117:../Dave/Generated/src/DAVESupport/MULTIPLEXER.c ****    /*USIC 0 Channel 0 Mux Related SFR/Bitfields Configurations*/ 									                  
 118:../Dave/Generated/src/DAVESupport/MULTIPLEXER.c ****  WR_REG(USIC0_CH0->DX1CR, USIC_CH_DX1CR_DSEL_Msk, USIC_CH_DX1CR_DSEL_Pos,1);  
 127              		.loc 1 118 0
 128 00f4 4FF00003 		mov	r3, #0
 129 00f8 C4F20303 		movt	r3, 16387
 130 00fc 4FF00002 		mov	r2, #0
 131 0100 C4F20302 		movt	r2, 16387
 132 0104 126A     		ldr	r2, [r2, #32]
 133 0106 22F00702 		bic	r2, r2, #7
 134 010a 42F00102 		orr	r2, r2, #1
 135 010e 1A62     		str	r2, [r3, #32]
 119:../Dave/Generated/src/DAVESupport/MULTIPLEXER.c ****   					 				 				 		       				              				  					    					 					   				  					 				 				    
 120:../Dave/Generated/src/DAVESupport/MULTIPLEXER.c ****                  
 121:../Dave/Generated/src/DAVESupport/MULTIPLEXER.c ****    // Data Pointer & Buffer Size for Transmitter Buffer Control  
 122:../Dave/Generated/src/DAVESupport/MULTIPLEXER.c ****  WR_REG(USIC0_CH0->TBCTR, USIC_CH_TBCTR_DPTRSIZE_Msk, USIC_CH_TBCTR_DPTRSIZE_Pos,0x01000010);		/*  
 136              		.loc 1 122 0
 137 0110 4FF00003 		mov	r3, #0
 138 0114 C4F20303 		movt	r3, 16387
 139 0118 4FF00002 		mov	r2, #0
 140 011c C4F20302 		movt	r2, 16387
 141 0120 D2F80821 		ldr	r2, [r2, #264]
 142 0124 22F0E062 		bic	r2, r2, #117440512
 143 0128 22F03F02 		bic	r2, r2, #63
 144 012c 42F08072 		orr	r2, r2, #16777216
 145 0130 42F01002 		orr	r2, r2, #16
 146 0134 C3F80821 		str	r2, [r3, #264]
 123:../Dave/Generated/src/DAVESupport/MULTIPLEXER.c ****          
 124:../Dave/Generated/src/DAVESupport/MULTIPLEXER.c ****   // Data Pointer & Buffer Size for Receiver Buffer Control  
 125:../Dave/Generated/src/DAVESupport/MULTIPLEXER.c ****  WR_REG(USIC0_CH0->RBCTR, USIC_CH_RBCTR_DPTRSIZE_Msk, USIC_CH_RBCTR_DPTRSIZE_Pos,0x04000000);		/*  
 147              		.loc 1 125 0
 148 0138 4FF00003 		mov	r3, #0
 149 013c C4F20303 		movt	r3, 16387
 150 0140 4FF00002 		mov	r2, #0
 151 0144 C4F20302 		movt	r2, 16387
 152 0148 D2F80C21 		ldr	r2, [r2, #268]
 153 014c 22F0E062 		bic	r2, r2, #117440512
 154 0150 22F03F02 		bic	r2, r2, #63
 155 0154 42F08062 		orr	r2, r2, #67108864
 156 0158 C3F80C21 		str	r2, [r3, #268]
 126:../Dave/Generated/src/DAVESupport/MULTIPLEXER.c ****  						
 127:../Dave/Generated/src/DAVESupport/MULTIPLEXER.c ****    /*USIC 0 Channel 1 Mux Related SFR/Bitfields Configurations*/ 									  					 				 				 		     
 128:../Dave/Generated/src/DAVESupport/MULTIPLEXER.c ****          						
 129:../Dave/Generated/src/DAVESupport/MULTIPLEXER.c ****    /*USIC 1 Channel 0 Mux Related SFR/Bitfields Configurations*/ 						         
 130:../Dave/Generated/src/DAVESupport/MULTIPLEXER.c ****  WR_REG(USIC1_CH0->DX0CR, USIC_CH_DX0CR_DSEL_Msk, USIC_CH_DX0CR_DSEL_Pos,1); 
 157              		.loc 1 130 0
 158 015c 4FF00003 		mov	r3, #0
 159 0160 C4F60203 		movt	r3, 18434
 160 0164 4FF00002 		mov	r2, #0
 161 0168 C4F60202 		movt	r2, 18434
 162 016c D269     		ldr	r2, [r2, #28]
 163 016e 22F00702 		bic	r2, r2, #7
 164 0172 42F00102 		orr	r2, r2, #1
 165 0176 DA61     		str	r2, [r3, #28]
 131:../Dave/Generated/src/DAVESupport/MULTIPLEXER.c ****   			  					 				 				 		       				              				  					    					 					   				  					 				 			
 132:../Dave/Generated/src/DAVESupport/MULTIPLEXER.c ****  //Standard receive buffer event is enabled.                 
 133:../Dave/Generated/src/DAVESupport/MULTIPLEXER.c ****  WR_REG(USIC1_CH0->RBCTR, USIC_CH_RBCTR_SRBIEN_Msk, USIC_CH_RBCTR_SRBIEN_Pos,1);  
 166              		.loc 1 133 0
 167 0178 4FF00003 		mov	r3, #0
 168 017c C4F60203 		movt	r3, 18434
 169 0180 4FF00002 		mov	r2, #0
 170 0184 C4F60202 		movt	r2, 18434
 171 0188 D2F80C21 		ldr	r2, [r2, #268]
 172 018c 42F08042 		orr	r2, r2, #1073741824
 173 0190 C3F80C21 		str	r2, [r3, #268]
 134:../Dave/Generated/src/DAVESupport/MULTIPLEXER.c ****  					 									 					 					  									      					              					  						    					      
 135:../Dave/Generated/src/DAVESupport/MULTIPLEXER.c ****                  
 136:../Dave/Generated/src/DAVESupport/MULTIPLEXER.c ****    // Data Pointer & Buffer Size for Transmitter Buffer Control  
 137:../Dave/Generated/src/DAVESupport/MULTIPLEXER.c ****  WR_REG(USIC1_CH0->TBCTR, USIC_CH_TBCTR_DPTRSIZE_Msk, USIC_CH_TBCTR_DPTRSIZE_Pos,0x01000022);		/*  
 174              		.loc 1 137 0
 175 0194 4FF00003 		mov	r3, #0
 176 0198 C4F60203 		movt	r3, 18434
 177 019c 4FF00002 		mov	r2, #0
 178 01a0 C4F60202 		movt	r2, 18434
 179 01a4 D2F80821 		ldr	r2, [r2, #264]
 180 01a8 22F0E062 		bic	r2, r2, #117440512
 181 01ac 22F03F02 		bic	r2, r2, #63
 182 01b0 42F08072 		orr	r2, r2, #16777216
 183 01b4 42F02202 		orr	r2, r2, #34
 184 01b8 C3F80821 		str	r2, [r3, #264]
 138:../Dave/Generated/src/DAVESupport/MULTIPLEXER.c ****            
 139:../Dave/Generated/src/DAVESupport/MULTIPLEXER.c ****   // Data Pointer & Buffer Size for Receiver Buffer Control  
 140:../Dave/Generated/src/DAVESupport/MULTIPLEXER.c ****  WR_REG(USIC1_CH0->RBCTR, USIC_CH_RBCTR_DPTRSIZE_Msk, USIC_CH_RBCTR_DPTRSIZE_Pos,0x01000020);		/*  
 185              		.loc 1 140 0
 186 01bc 4FF00003 		mov	r3, #0
 187 01c0 C4F60203 		movt	r3, 18434
 188 01c4 4FF00002 		mov	r2, #0
 189 01c8 C4F60202 		movt	r2, 18434
 190 01cc D2F80C21 		ldr	r2, [r2, #268]
 191 01d0 22F0E062 		bic	r2, r2, #117440512
 192 01d4 22F03F02 		bic	r2, r2, #63
 193 01d8 42F08072 		orr	r2, r2, #16777216
 194 01dc 42F02002 		orr	r2, r2, #32
 195 01e0 C3F80C21 		str	r2, [r3, #268]
 141:../Dave/Generated/src/DAVESupport/MULTIPLEXER.c ****  						
 142:../Dave/Generated/src/DAVESupport/MULTIPLEXER.c ****    /*USIC 1 Channel 1 Mux Related SFR/Bitfields Configurations*/ 						         
 143:../Dave/Generated/src/DAVESupport/MULTIPLEXER.c ****  WR_REG(USIC1_CH1->DX0CR, USIC_CH_DX0CR_DSEL_Msk, USIC_CH_DX0CR_DSEL_Pos,3); 
 196              		.loc 1 143 0
 197 01e4 4FF40073 		mov	r3, #512
 198 01e8 C4F60203 		movt	r3, 18434
 199 01ec 4FF40072 		mov	r2, #512
 200 01f0 C4F60202 		movt	r2, 18434
 201 01f4 D269     		ldr	r2, [r2, #28]
 202 01f6 22F00702 		bic	r2, r2, #7
 203 01fa 42F00302 		orr	r2, r2, #3
 204 01fe DA61     		str	r2, [r3, #28]
 144:../Dave/Generated/src/DAVESupport/MULTIPLEXER.c ****   			  					 				 				 		       				              				  					    					 					   				  					 				 			
 145:../Dave/Generated/src/DAVESupport/MULTIPLEXER.c ****             
 146:../Dave/Generated/src/DAVESupport/MULTIPLEXER.c ****   // Data Pointer & Buffer Size for Receiver Buffer Control  
 147:../Dave/Generated/src/DAVESupport/MULTIPLEXER.c ****  WR_REG(USIC1_CH1->RBCTR, USIC_CH_RBCTR_DPTRSIZE_Msk, USIC_CH_RBCTR_DPTRSIZE_Pos,0x05000000);		/*  
 205              		.loc 1 147 0
 206 0200 4FF40073 		mov	r3, #512
 207 0204 C4F60203 		movt	r3, 18434
 208 0208 4FF40072 		mov	r2, #512
 209 020c C4F60202 		movt	r2, 18434
 210 0210 D2F80C21 		ldr	r2, [r2, #268]
 211 0214 22F0E062 		bic	r2, r2, #117440512
 212 0218 22F03F02 		bic	r2, r2, #63
 213 021c 42F0A062 		orr	r2, r2, #83886080
 214 0220 C3F80C21 		str	r2, [r3, #268]
 148:../Dave/Generated/src/DAVESupport/MULTIPLEXER.c ****    						
 149:../Dave/Generated/src/DAVESupport/MULTIPLEXER.c ****    /*USIC 2 Channel 0 Mux Related SFR/Bitfields Configurations*/ 						         
 150:../Dave/Generated/src/DAVESupport/MULTIPLEXER.c ****  WR_REG(USIC2_CH0->DX0CR, USIC_CH_DX0CR_DSEL_Msk, USIC_CH_DX0CR_DSEL_Pos,1); 
 215              		.loc 1 150 0
 216 0224 4FF48043 		mov	r3, #16384
 217 0228 C4F60203 		movt	r3, 18434
 218 022c 4FF48042 		mov	r2, #16384
 219 0230 C4F60202 		movt	r2, 18434
 220 0234 D269     		ldr	r2, [r2, #28]
 221 0236 22F00702 		bic	r2, r2, #7
 222 023a 42F00102 		orr	r2, r2, #1
 223 023e DA61     		str	r2, [r3, #28]
 151:../Dave/Generated/src/DAVESupport/MULTIPLEXER.c ****   			  					 				 				 		       				              				  					    					 					   				  					 				 			
 152:../Dave/Generated/src/DAVESupport/MULTIPLEXER.c ****  //Standard receive buffer event is enabled.                 
 153:../Dave/Generated/src/DAVESupport/MULTIPLEXER.c ****  WR_REG(USIC2_CH0->RBCTR, USIC_CH_RBCTR_SRBIEN_Msk, USIC_CH_RBCTR_SRBIEN_Pos,1);  
 224              		.loc 1 153 0
 225 0240 4FF48043 		mov	r3, #16384
 226 0244 C4F60203 		movt	r3, 18434
 227 0248 4FF48042 		mov	r2, #16384
 228 024c C4F60202 		movt	r2, 18434
 229 0250 D2F80C21 		ldr	r2, [r2, #268]
 230 0254 42F08042 		orr	r2, r2, #1073741824
 231 0258 C3F80C21 		str	r2, [r3, #268]
 154:../Dave/Generated/src/DAVESupport/MULTIPLEXER.c ****  					 									 					 					  									      					              					  						       
 155:../Dave/Generated/src/DAVESupport/MULTIPLEXER.c ****  //Interrupt node 2 is selected for Standard receive buffer event                 
 156:../Dave/Generated/src/DAVESupport/MULTIPLEXER.c ****  WR_REG(USIC2_CH0->RBCTR, USIC_CH_RBCTR_SRBINP_Msk, USIC_CH_RBCTR_SRBINP_Pos,2);  
 232              		.loc 1 156 0
 233 025c 4FF48043 		mov	r3, #16384
 234 0260 C4F60203 		movt	r3, 18434
 235 0264 4FF48042 		mov	r2, #16384
 236 0268 C4F60202 		movt	r2, 18434
 237 026c D2F80C21 		ldr	r2, [r2, #268]
 238 0270 22F4E022 		bic	r2, r2, #458752
 239 0274 42F40032 		orr	r2, r2, #131072
 240 0278 C3F80C21 		str	r2, [r3, #268]
 157:../Dave/Generated/src/DAVESupport/MULTIPLEXER.c ****  					      
 158:../Dave/Generated/src/DAVESupport/MULTIPLEXER.c ****           
 159:../Dave/Generated/src/DAVESupport/MULTIPLEXER.c ****    // Data Pointer & Buffer Size for Transmitter Buffer Control  
 160:../Dave/Generated/src/DAVESupport/MULTIPLEXER.c ****  WR_REG(USIC2_CH0->TBCTR, USIC_CH_TBCTR_DPTRSIZE_Msk, USIC_CH_TBCTR_DPTRSIZE_Pos,0x02000000);		/*  
 241              		.loc 1 160 0
 242 027c 4FF48043 		mov	r3, #16384
 243 0280 C4F60203 		movt	r3, 18434
 244 0284 4FF48042 		mov	r2, #16384
 245 0288 C4F60202 		movt	r2, 18434
 246 028c D2F80821 		ldr	r2, [r2, #264]
 247 0290 22F0E062 		bic	r2, r2, #117440512
 248 0294 22F03F02 		bic	r2, r2, #63
 249 0298 42F00072 		orr	r2, r2, #33554432
 250 029c C3F80821 		str	r2, [r3, #264]
 161:../Dave/Generated/src/DAVESupport/MULTIPLEXER.c ****            
 162:../Dave/Generated/src/DAVESupport/MULTIPLEXER.c ****   // Data Pointer & Buffer Size for Receiver Buffer Control  
 163:../Dave/Generated/src/DAVESupport/MULTIPLEXER.c ****  WR_REG(USIC2_CH0->RBCTR, USIC_CH_RBCTR_DPTRSIZE_Msk, USIC_CH_RBCTR_DPTRSIZE_Pos,0x01000004);		/*  
 251              		.loc 1 163 0
 252 02a0 4FF48043 		mov	r3, #16384
 253 02a4 C4F60203 		movt	r3, 18434
 254 02a8 4FF48042 		mov	r2, #16384
 255 02ac C4F60202 		movt	r2, 18434
 256 02b0 D2F80C21 		ldr	r2, [r2, #268]
 257 02b4 22F0E062 		bic	r2, r2, #117440512
 258 02b8 22F03F02 		bic	r2, r2, #63
 259 02bc 42F08072 		orr	r2, r2, #16777216
 260 02c0 42F00402 		orr	r2, r2, #4
 261 02c4 C3F80C21 		str	r2, [r3, #268]
 164:../Dave/Generated/src/DAVESupport/MULTIPLEXER.c ****  						
 165:../Dave/Generated/src/DAVESupport/MULTIPLEXER.c ****    /*USIC 2 Channel 1 Mux Related SFR/Bitfields Configurations*/ 									  					 				 				 		     
 166:../Dave/Generated/src/DAVESupport/MULTIPLEXER.c ****          
 167:../Dave/Generated/src/DAVESupport/MULTIPLEXER.c ****   
 168:../Dave/Generated/src/DAVESupport/MULTIPLEXER.c ****   /* Enable mode after configuring all USIC registers to avoid unintended edges */  
 169:../Dave/Generated/src/DAVESupport/MULTIPLEXER.c ****             
 170:../Dave/Generated/src/DAVESupport/MULTIPLEXER.c ****    WR_REG(USIC0_CH0->CCR, USIC_CH_CCR_MODE_Msk, USIC_CH_CCR_MODE_Pos,UsicCcrMode[0]); 
 262              		.loc 1 170 0
 263 02c8 4FF00003 		mov	r3, #0
 264 02cc C4F20303 		movt	r3, 16387
 265 02d0 3A68     		ldr	r2, [r7, #0]
 266 02d2 02F00F01 		and	r1, r2, #15
 267 02d6 4FF00002 		mov	r2, #0
 268 02da C4F20302 		movt	r2, 16387
 269 02de 126C     		ldr	r2, [r2, #64]
 270 02e0 22F00F02 		bic	r2, r2, #15
 271 02e4 0A43     		orrs	r2, r2, r1
 272 02e6 1A64     		str	r2, [r3, #64]
 171:../Dave/Generated/src/DAVESupport/MULTIPLEXER.c ****           
 172:../Dave/Generated/src/DAVESupport/MULTIPLEXER.c ****    WR_REG(USIC1_CH0->CCR, USIC_CH_CCR_MODE_Msk, USIC_CH_CCR_MODE_Pos,UsicCcrMode[2]);
 273              		.loc 1 172 0
 274 02e8 4FF00003 		mov	r3, #0
 275 02ec C4F60203 		movt	r3, 18434
 276 02f0 BA68     		ldr	r2, [r7, #8]
 277 02f2 02F00F01 		and	r1, r2, #15
 278 02f6 4FF00002 		mov	r2, #0
 279 02fa C4F60202 		movt	r2, 18434
 280 02fe 126C     		ldr	r2, [r2, #64]
 281 0300 22F00F02 		bic	r2, r2, #15
 282 0304 0A43     		orrs	r2, r2, r1
 283 0306 1A64     		str	r2, [r3, #64]
 173:../Dave/Generated/src/DAVESupport/MULTIPLEXER.c ****                   
 174:../Dave/Generated/src/DAVESupport/MULTIPLEXER.c ****    WR_REG(USIC1_CH1->CCR, USIC_CH_CCR_MODE_Msk, USIC_CH_CCR_MODE_Pos,UsicCcrMode[3]);
 284              		.loc 1 174 0
 285 0308 4FF40073 		mov	r3, #512
 286 030c C4F60203 		movt	r3, 18434
 287 0310 FA68     		ldr	r2, [r7, #12]
 288 0312 02F00F01 		and	r1, r2, #15
 289 0316 4FF40072 		mov	r2, #512
 290 031a C4F60202 		movt	r2, 18434
 291 031e 126C     		ldr	r2, [r2, #64]
 292 0320 22F00F02 		bic	r2, r2, #15
 293 0324 0A43     		orrs	r2, r2, r1
 294 0326 1A64     		str	r2, [r3, #64]
 175:../Dave/Generated/src/DAVESupport/MULTIPLEXER.c ****         
 176:../Dave/Generated/src/DAVESupport/MULTIPLEXER.c ****    WR_REG(USIC2_CH0->CCR, USIC_CH_CCR_MODE_Msk, USIC_CH_CCR_MODE_Pos,UsicCcrMode[4]);
 295              		.loc 1 176 0
 296 0328 4FF48043 		mov	r3, #16384
 297 032c C4F60203 		movt	r3, 18434
 298 0330 3A69     		ldr	r2, [r7, #16]
 299 0332 02F00F01 		and	r1, r2, #15
 300 0336 4FF48042 		mov	r2, #16384
 301 033a C4F60202 		movt	r2, 18434
 302 033e 126C     		ldr	r2, [r2, #64]
 303 0340 22F00F02 		bic	r2, r2, #15
 304 0344 0A43     		orrs	r2, r2, r1
 305 0346 1A64     		str	r2, [r3, #64]
 177:../Dave/Generated/src/DAVESupport/MULTIPLEXER.c ****             	         
 178:../Dave/Generated/src/DAVESupport/MULTIPLEXER.c ****                                               
 179:../Dave/Generated/src/DAVESupport/MULTIPLEXER.c ****    	 
 180:../Dave/Generated/src/DAVESupport/MULTIPLEXER.c ****             	         
 181:../Dave/Generated/src/DAVESupport/MULTIPLEXER.c ****                                               
 182:../Dave/Generated/src/DAVESupport/MULTIPLEXER.c ****    	 
 183:../Dave/Generated/src/DAVESupport/MULTIPLEXER.c ****             	         
 184:../Dave/Generated/src/DAVESupport/MULTIPLEXER.c ****                                           
 185:../Dave/Generated/src/DAVESupport/MULTIPLEXER.c **** 
 186:../Dave/Generated/src/DAVESupport/MULTIPLEXER.c **** /*        PORT Macro definitions for IOCR_OE, IOCR_PCR & HWSEL_HW     */                           
 187:../Dave/Generated/src/DAVESupport/MULTIPLEXER.c ****   WR_REG(PORT0->IOCR0, 0xb800U, PORT_IOCR_PC1_PCR_Pos, 0x12U);                /*P0.1 : PORT0_IOCR0_
 306              		.loc 1 187 0
 307 0348 4FF40043 		mov	r3, #32768
 308 034c C4F60203 		movt	r3, 18434
 309 0350 4FF40042 		mov	r2, #32768
 310 0354 C4F60202 		movt	r2, 18434
 311 0358 1269     		ldr	r2, [r2, #16]
 312 035a 22F43842 		bic	r2, r2, #47104
 313 035e 42F41042 		orr	r2, r2, #36864
 314 0362 1A61     		str	r2, [r3, #16]
 188:../Dave/Generated/src/DAVESupport/MULTIPLEXER.c **** 					                         
 189:../Dave/Generated/src/DAVESupport/MULTIPLEXER.c ****   WR_REG(PORT0->IOCR4, 0xb800U, PORT_IOCR_PC1_PCR_Pos, 0x12U);                /*P0.5 : PORT0_IOCR4_
 315              		.loc 1 189 0
 316 0364 4FF40043 		mov	r3, #32768
 317 0368 C4F60203 		movt	r3, 18434
 318 036c 4FF40042 		mov	r2, #32768
 319 0370 C4F60202 		movt	r2, 18434
 320 0374 5269     		ldr	r2, [r2, #20]
 321 0376 22F43842 		bic	r2, r2, #47104
 322 037a 42F41042 		orr	r2, r2, #36864
 323 037e 5A61     		str	r2, [r3, #20]
 190:../Dave/Generated/src/DAVESupport/MULTIPLEXER.c **** 					   
 191:../Dave/Generated/src/DAVESupport/MULTIPLEXER.c ****               
 192:../Dave/Generated/src/DAVESupport/MULTIPLEXER.c ****   WR_REG(PORT0->HWSEL, PORT0_HWSEL_HW8_Msk, PORT0_HWSEL_HW8_Pos, PORT_HWSEL_SW);                   
 324              		.loc 1 192 0
 325 0380 4FF40043 		mov	r3, #32768
 326 0384 C4F60203 		movt	r3, 18434
 327 0388 4FF40042 		mov	r2, #32768
 328 038c C4F60202 		movt	r2, 18434
 329 0390 526F     		ldr	r2, [r2, #116]
 330 0392 22F44032 		bic	r2, r2, #196608
 331 0396 5A67     		str	r2, [r3, #116]
 193:../Dave/Generated/src/DAVESupport/MULTIPLEXER.c ****   WR_REG(PORT0->IOCR8, 0xb8U, PORT_IOCR_PC0_PCR_Pos, 0x12U);                /*P0.8 : PORT0_IOCR8_PC
 332              		.loc 1 193 0
 333 0398 4FF40043 		mov	r3, #32768
 334 039c C4F60203 		movt	r3, 18434
 335 03a0 4FF40042 		mov	r2, #32768
 336 03a4 C4F60202 		movt	r2, 18434
 337 03a8 9269     		ldr	r2, [r2, #24]
 338 03aa 22F0B802 		bic	r2, r2, #184
 339 03ae 42F09002 		orr	r2, r2, #144
 340 03b2 9A61     		str	r2, [r3, #24]
 194:../Dave/Generated/src/DAVESupport/MULTIPLEXER.c **** 					                         
 195:../Dave/Generated/src/DAVESupport/MULTIPLEXER.c ****   WR_REG(PORT0->IOCR8, 0xb8000000U, PORT_IOCR_PC3_PCR_Pos, 0x12U);                /*P0.11 : PORT0_I
 341              		.loc 1 195 0
 342 03b4 4FF40043 		mov	r3, #32768
 343 03b8 C4F60203 		movt	r3, 18434
 344 03bc 4FF40042 		mov	r2, #32768
 345 03c0 C4F60202 		movt	r2, 18434
 346 03c4 9269     		ldr	r2, [r2, #24]
 347 03c6 22F03842 		bic	r2, r2, #-1207959552
 348 03ca 42F01042 		orr	r2, r2, #-1879048192
 349 03ce 9A61     		str	r2, [r3, #24]
 196:../Dave/Generated/src/DAVESupport/MULTIPLEXER.c **** 					                         
 197:../Dave/Generated/src/DAVESupport/MULTIPLEXER.c ****   WR_REG(PORT1->IOCR0, PORT_IOCR_PC0_OE_Msk, PORT_IOCR_PC0_OE_Pos, PORT_IOCR_OE1);                /
 350              		.loc 1 197 0
 351 03d0 4FF40143 		mov	r3, #33024
 352 03d4 C4F60203 		movt	r3, 18434
 353 03d8 4FF40142 		mov	r2, #33024
 354 03dc C4F60202 		movt	r2, 18434
 355 03e0 1269     		ldr	r2, [r2, #16]
 356 03e2 42F08002 		orr	r2, r2, #128
 357 03e6 1A61     		str	r2, [r3, #16]
 198:../Dave/Generated/src/DAVESupport/MULTIPLEXER.c **** 					                         
 199:../Dave/Generated/src/DAVESupport/MULTIPLEXER.c ****   WR_REG(PORT1->IOCR0, PORT_IOCR_PC1_OE_Msk, PORT_IOCR_PC1_OE_Pos, PORT_IOCR_OE1);                /
 358              		.loc 1 199 0
 359 03e8 4FF40143 		mov	r3, #33024
 360 03ec C4F60203 		movt	r3, 18434
 361 03f0 4FF40142 		mov	r2, #33024
 362 03f4 C4F60202 		movt	r2, 18434
 363 03f8 1269     		ldr	r2, [r2, #16]
 364 03fa 42F40042 		orr	r2, r2, #32768
 365 03fe 1A61     		str	r2, [r3, #16]
 200:../Dave/Generated/src/DAVESupport/MULTIPLEXER.c **** 					                         
 201:../Dave/Generated/src/DAVESupport/MULTIPLEXER.c ****   WR_REG(PORT1->IOCR4, 0xb800U, PORT_IOCR_PC1_PCR_Pos, 0x12U);                /*P1.5 : PORT1_IOCR4_
 366              		.loc 1 201 0
 367 0400 4FF40143 		mov	r3, #33024
 368 0404 C4F60203 		movt	r3, 18434
 369 0408 4FF40142 		mov	r2, #33024
 370 040c C4F60202 		movt	r2, 18434
 371 0410 5269     		ldr	r2, [r2, #20]
 372 0412 22F43842 		bic	r2, r2, #47104
 373 0416 42F41042 		orr	r2, r2, #36864
 374 041a 5A61     		str	r2, [r3, #20]
 202:../Dave/Generated/src/DAVESupport/MULTIPLEXER.c **** 					                         
 203:../Dave/Generated/src/DAVESupport/MULTIPLEXER.c ****   WR_REG(PORT5->IOCR0, 0xb8U, PORT_IOCR_PC0_PCR_Pos, 0x11U);                /*P5.0 : PORT5_IOCR0_PC
 375              		.loc 1 203 0
 376 041c 4FF40543 		mov	r3, #34048
 377 0420 C4F60203 		movt	r3, 18434
 378 0424 4FF40542 		mov	r2, #34048
 379 0428 C4F60202 		movt	r2, 18434
 380 042c 1269     		ldr	r2, [r2, #16]
 381 042e 22F0B802 		bic	r2, r2, #184
 382 0432 42F08802 		orr	r2, r2, #136
 383 0436 1A61     		str	r2, [r3, #16]
 204:../Dave/Generated/src/DAVESupport/MULTIPLEXER.c **** 					                         
 205:../Dave/Generated/src/DAVESupport/MULTIPLEXER.c ****   WR_REG(PORT5->IOCR0, 0xb80000U, PORT_IOCR_PC2_PCR_Pos, 0x11U);                /*P5.2 : PORT5_IOCR
 384              		.loc 1 205 0
 385 0438 4FF40543 		mov	r3, #34048
 386 043c C4F60203 		movt	r3, 18434
 387 0440 4FF40542 		mov	r2, #34048
 388 0444 C4F60202 		movt	r2, 18434
 389 0448 1269     		ldr	r2, [r2, #16]
 390 044a 22F43802 		bic	r2, r2, #12058624
 391 044e 42F40802 		orr	r2, r2, #8912896
 392 0452 1A61     		str	r2, [r3, #16]
 206:../Dave/Generated/src/DAVESupport/MULTIPLEXER.c **** 					                         
 207:../Dave/Generated/src/DAVESupport/MULTIPLEXER.c ****   WR_REG(PORT5->IOCR4, PORT_IOCR_PC3_OE_Msk, PORT_IOCR_PC3_OE_Pos, PORT_IOCR_OE1);                /
 393              		.loc 1 207 0
 394 0454 4FF40543 		mov	r3, #34048
 395 0458 C4F60203 		movt	r3, 18434
 396 045c 4FF40542 		mov	r2, #34048
 397 0460 C4F60202 		movt	r2, 18434
 398 0464 5269     		ldr	r2, [r2, #20]
 399 0466 42F00042 		orr	r2, r2, #-2147483648
 400 046a 5A61     		str	r2, [r3, #20]
 208:../Dave/Generated/src/DAVESupport/MULTIPLEXER.c **** 					      
 209:../Dave/Generated/src/DAVESupport/MULTIPLEXER.c **** }
 401              		.loc 1 209 0
 402 046c 07F11C07 		add	r7, r7, #28
 403 0470 BD46     		mov	sp, r7
 404 0472 80BC     		pop	{r7}
 405 0474 7047     		bx	lr
 406              		.cfi_endproc
 407              	.LFE117:
 409 0476 00BF     		.section	.text.DAVE_MUX_PreInit,"ax",%progbits
 410              		.align	2
 411              		.global	DAVE_MUX_PreInit
 412              		.thumb
 413              		.thumb_func
 415              	DAVE_MUX_PreInit:
 416              	.LFB118:
 210:../Dave/Generated/src/DAVESupport/MULTIPLEXER.c **** 
 211:../Dave/Generated/src/DAVESupport/MULTIPLEXER.c **** 
 212:../Dave/Generated/src/DAVESupport/MULTIPLEXER.c **** /*******************************************************************************
 213:../Dave/Generated/src/DAVESupport/MULTIPLEXER.c **** ** Syntax           : void DAVE_MUX_PreInit(void)                             **
 214:../Dave/Generated/src/DAVESupport/MULTIPLEXER.c **** **                                                                            **
 215:../Dave/Generated/src/DAVESupport/MULTIPLEXER.c **** ** Reentrancy       : None                                                    **
 216:../Dave/Generated/src/DAVESupport/MULTIPLEXER.c **** **                                                                            **
 217:../Dave/Generated/src/DAVESupport/MULTIPLEXER.c **** ** Parameters (in)  : void                                                    **
 218:../Dave/Generated/src/DAVESupport/MULTIPLEXER.c **** **                                                                            **
 219:../Dave/Generated/src/DAVESupport/MULTIPLEXER.c **** ** Parameters (out) : none                                                    **
 220:../Dave/Generated/src/DAVESupport/MULTIPLEXER.c **** **                                                                            **
 221:../Dave/Generated/src/DAVESupport/MULTIPLEXER.c **** ** Return value     : none                                                    **
 222:../Dave/Generated/src/DAVESupport/MULTIPLEXER.c **** **                                                                            **
 223:../Dave/Generated/src/DAVESupport/MULTIPLEXER.c **** ** Description      : This is the Mux configuration                           **
 224:../Dave/Generated/src/DAVESupport/MULTIPLEXER.c **** **                                                                            **
 225:../Dave/Generated/src/DAVESupport/MULTIPLEXER.c **** *******************************************************************************/
 226:../Dave/Generated/src/DAVESupport/MULTIPLEXER.c ****  
 227:../Dave/Generated/src/DAVESupport/MULTIPLEXER.c **** void DAVE_MUX_PreInit(void)
 228:../Dave/Generated/src/DAVESupport/MULTIPLEXER.c **** {            
 417              		.loc 1 228 0
 418              		.cfi_startproc
 419              		@ args = 0, pretend = 0, frame = 0
 420              		@ frame_needed = 1, uses_anonymous_args = 0
 421              		@ link register save eliminated.
 422 0000 80B4     		push	{r7}
 423              	.LCFI3:
 424              		.cfi_def_cfa_offset 4
 425              		.cfi_offset 7, -4
 426 0002 00AF     		add	r7, sp, #0
 427              	.LCFI4:
 428              		.cfi_def_cfa_register 7
 229:../Dave/Generated/src/DAVESupport/MULTIPLEXER.c **** 
 230:../Dave/Generated/src/DAVESupport/MULTIPLEXER.c **** /*        PORT Macro definitions for IOCR_OE, IOCR_PCR & HWSEL_HW     */                   
 231:../Dave/Generated/src/DAVESupport/MULTIPLEXER.c **** }
 429              		.loc 1 231 0
 430 0004 BD46     		mov	sp, r7
 431 0006 80BC     		pop	{r7}
 432 0008 7047     		bx	lr
 433              		.cfi_endproc
 434              	.LFE118:
 436 000a 00BF     		.text
 437              	.Letext0:
 438              		.file 2 "c:\\dave-3.1.10\\arm-gcc\\bin\\../lib/gcc/arm-none-eabi/4.7.4/../../../../arm-none-eabi/i
 439              		.file 3 "C:\\DAVE-3.1.10\\eclipse\\/../CMSIS/Infineon/XMC4500_series/Include/XMC4500.h"
 440              		.file 4 "C:\\DAVE-3.1.10\\eclipse\\/../CMSIS/Include/core_cm4.h"
DEFINED SYMBOLS
                            *ABS*:00000000 MULTIPLEXER.c
C:\Users\Mateusz\AppData\Local\Temp\ccUiTbyL.s:20     .text.DAVE_MUX_Init:00000000 $t
C:\Users\Mateusz\AppData\Local\Temp\ccUiTbyL.s:25     .text.DAVE_MUX_Init:00000000 DAVE_MUX_Init
C:\Users\Mateusz\AppData\Local\Temp\ccUiTbyL.s:410    .text.DAVE_MUX_PreInit:00000000 $t
C:\Users\Mateusz\AppData\Local\Temp\ccUiTbyL.s:415    .text.DAVE_MUX_PreInit:00000000 DAVE_MUX_PreInit
                     .debug_frame:00000010 $d
                           .group:00000000 wm4.1.35166846b5321d4273ad8c4248893ac3
                           .group:00000000 wm4.XMC4500.h.45.215f4b8c79f46c7645c15373868d08c0
                           .group:00000000 wm4.core_cm4.h.47.41af406cb4cda82c972f112a9cd0a024
                           .group:00000000 wm4.newlib.h.8.a9901dc52d1357e3e94003403d43f8b5
                           .group:00000000 wm4.features.h.22.b72b3baab2bb2eab3661375590100b6b
                           .group:00000000 wm4.config.h.193.5fb8ef056cdff92dec3dee9552839d8c
                           .group:00000000 wm4._ansi.h.23.7aefdac4826acebbfc9f3822a0aeb14c
                           .group:00000000 wm4.stdint.h.20.54ad762faa59e3c05491630641c8d8bf
                           .group:00000000 wm4.core_cmInstr.h.39.3d3d1b4a79aef37532666dc6ee87c6ac
                           .group:00000000 wm4.core_cm4_simd.h.43.b5d1d38735af6366227b4256d330cf13
                           .group:00000000 wm4.core_cm4.h.178.e5ef5ce66d198d7f00f9d0076e267c41
                           .group:00000000 wm4.system_XMC4500.h.29.827f68baa362c84f2abae4ab67dde7c9
                           .group:00000000 wm4.XMC4500.h.198.8e022f279ff353ed081df898dc7b9cf3
                           .group:00000000 wm4.stddef.h.40.50cf36416e06376af8a9dca28536f2e4
                           .group:00000000 wm4.types.h.60.e75c47576398c648cdcf9000ace5e3d8
                           .group:00000000 wm4.MULTIPLEXER.h.46.4a863fbae1c79f0db26da3ce2dc30d02
                           .group:00000000 wm4.CCU8PWMLIB.h.74.725ec81203769525cc7a424597055f47
                           .group:00000000 wm4.MOTORLIB.h.62.951091d95913dd2ff36d761323a1771d
                           .group:00000000 wm4.DBG001.h.116.d6d9e7459a0faa3905c97c1d2edb339d
                           .group:00000000 wm4.uc_id.h.35.fa57ecd9f559d2767f56c96da2848c12
                           .group:00000000 wm4.CLK001_Const.h.50.e5e9c2ddc89f4cc9e7b93e9648fa94e4
                           .group:00000000 wm4.CLK001_Conf.h.81.82a8db895dc146da001475dd68223522
                           .group:00000000 wm4.Usic.h.58.a3e6728d1d20f5a5e52f483a06098d7b
                           .group:00000000 wm4.I2C001.h.97.5277d52889d6c741e048ea45ee1277b5
                           .group:00000000 wm4.I2C001_Conf.h.58.8dc4f48d59c07ab7aabfa000634f20d6
                           .group:00000000 wm4.IO004.h.53.442ea5eb47ad9eedc675253aa35f3107
                           .group:00000000 wm4.NVIC002_Conf.h.63.4cb383ec1dc83a7d3971985af232fba2
                           .group:00000000 wm4.SYSTM001.h.64.6ecb31c49bc3e7691644fdcdfc11b5cd
                           .group:00000000 wm4.UART001_Conf.h.53.25f1a2c84c9f0e515b40b3ac3580460d

NO UNDEFINED SYMBOLS
