   1              		.syntax unified
   2              		.cpu cortex-m4
   3              		.eabi_attribute 27, 3
   4              		.fpu fpv4-sp-d16
   5              		.eabi_attribute 20, 1
   6              		.eabi_attribute 21, 1
   7              		.eabi_attribute 23, 3
   8              		.eabi_attribute 24, 1
   9              		.eabi_attribute 25, 1
  10              		.eabi_attribute 26, 1
  11              		.eabi_attribute 30, 6
  12              		.eabi_attribute 34, 1
  13              		.eabi_attribute 18, 4
  14              		.thumb
  15              		.file	"IO004.c"
  16              		.text
  17              	.Ltext0:
  18              		.cfi_sections	.debug_frame
  19              		.section	.text.IO004_Init,"ax",%progbits
  20              		.align	2
  21              		.global	IO004_Init
  22              		.thumb
  23              		.thumb_func
  25              	IO004_Init:
  26              	.LFB117:
  27              		.file 1 "../Dave/Generated/src/IO004/IO004.c"
   1:../Dave/Generated/src/IO004/IO004.c **** /*******************************************************************************
   2:../Dave/Generated/src/IO004/IO004.c **** **  DAVE App Name : IO004       App Version: 1.0.22               
   3:../Dave/Generated/src/IO004/IO004.c **** **  This file is generated by DAVE, User modification to this file will be    **
   4:../Dave/Generated/src/IO004/IO004.c **** **  overwritten at the next code generation.                                  **
   5:../Dave/Generated/src/IO004/IO004.c **** *******************************************************************************/
   6:../Dave/Generated/src/IO004/IO004.c **** 
   7:../Dave/Generated/src/IO004/IO004.c **** 
   8:../Dave/Generated/src/IO004/IO004.c **** /*CODE_BLOCK_BEGIN[IO004.c]*/
   9:../Dave/Generated/src/IO004/IO004.c **** /*******************************************************************************
  10:../Dave/Generated/src/IO004/IO004.c ****  Copyright (c) 2012, Infineon Technologies AG                                 **
  11:../Dave/Generated/src/IO004/IO004.c ****  All rights reserved.                                                         **
  12:../Dave/Generated/src/IO004/IO004.c ****                                                                               **
  13:../Dave/Generated/src/IO004/IO004.c ****  Redistribution and use in source and binary forms, with or without           **
  14:../Dave/Generated/src/IO004/IO004.c ****  modification,are permitted provided that the following conditions are met:   **
  15:../Dave/Generated/src/IO004/IO004.c ****                                                                               **
  16:../Dave/Generated/src/IO004/IO004.c ****  *Redistributions of source code must retain the above copyright notice,      **
  17:../Dave/Generated/src/IO004/IO004.c ****  this list of conditions and the following disclaimer.                        **
  18:../Dave/Generated/src/IO004/IO004.c ****  *Redistributions in binary form must reproduce the above copyright notice,   **
  19:../Dave/Generated/src/IO004/IO004.c ****  this list of conditions and the following disclaimer in the documentation    **
  20:../Dave/Generated/src/IO004/IO004.c ****  and/or other materials provided with the distribution.                       **
  21:../Dave/Generated/src/IO004/IO004.c ****  *Neither the name of the copyright holders nor the names of its contributors **
  22:../Dave/Generated/src/IO004/IO004.c ****  may be used to endorse or promote products derived from this software without**
  23:../Dave/Generated/src/IO004/IO004.c ****  specific prior written permission.                                           **
  24:../Dave/Generated/src/IO004/IO004.c ****                                                                               **
  25:../Dave/Generated/src/IO004/IO004.c ****  THIS SOFTWARE IS PROVIDED BY THE COPYRIGHT HOLDERS AND CONTRIBUTORS "AS IS"  **
  26:../Dave/Generated/src/IO004/IO004.c ****  AND ANY EXPRESS OR IMPLIED WARRANTIES, INCLUDING, BUT NOT LIMITED TO, THE    **
  27:../Dave/Generated/src/IO004/IO004.c ****  IMPLIED WARRANTIES OF MERCHANTABILITY AND FITNESS FOR A PARTICULAR PURPOSE   **
  28:../Dave/Generated/src/IO004/IO004.c ****  ARE  DISCLAIMED. IN NO EVENT SHALL THE COPYRIGHT HOLDER OR CONTRIBUTORS BE   **
  29:../Dave/Generated/src/IO004/IO004.c ****  LIABLE  FOR ANY DIRECT, INDIRECT, INCIDENTAL, SPECIAL, EXEMPLARY, OR         **
  30:../Dave/Generated/src/IO004/IO004.c ****  CONSEQUENTIAL DAMAGES (INCLUDING, BUT NOT LIMITED TO, PROCUREMENT OF         **
  31:../Dave/Generated/src/IO004/IO004.c ****  SUBSTITUTE GOODS OR  SERVICES; LOSS OF USE, DATA, OR PROFITS; OR BUSINESS    **
  32:../Dave/Generated/src/IO004/IO004.c ****  INTERRUPTION) HOWEVER CAUSED AND ON ANY THEORY OF LIABILITY, WHETHER IN      **
  33:../Dave/Generated/src/IO004/IO004.c ****  CONTRACT, STRICT LIABILITY,OR TORT (INCLUDING NEGLIGENCE OR OTHERWISE)       **
  34:../Dave/Generated/src/IO004/IO004.c ****  ARISING IN ANY WAY OUT OF THE USE OF THIS SOFTWARE, EVEN IF ADVISED OF THE   **
  35:../Dave/Generated/src/IO004/IO004.c ****  POSSIBILITY OF SUCH DAMAGE.                                                  **
  36:../Dave/Generated/src/IO004/IO004.c ****                                                                               **
  37:../Dave/Generated/src/IO004/IO004.c ****  To improve the quality of the software, users are encouraged to share        **
  38:../Dave/Generated/src/IO004/IO004.c ****  modifications, enhancements or bug fixes with Infineon Technologies AG       **
  39:../Dave/Generated/src/IO004/IO004.c ****  dave@infineon.com).                                                          **
  40:../Dave/Generated/src/IO004/IO004.c ****                                                                               **
  41:../Dave/Generated/src/IO004/IO004.c **** ********************************************************************************
  42:../Dave/Generated/src/IO004/IO004.c **** **                                                                            **
  43:../Dave/Generated/src/IO004/IO004.c **** **                                                                            **
  44:../Dave/Generated/src/IO004/IO004.c **** ** PLATFORM : Infineon XMC4000/XMC1000 Series                                 **
  45:../Dave/Generated/src/IO004/IO004.c **** **                                                                            **
  46:../Dave/Generated/src/IO004/IO004.c **** ** COMPILER : Compiler Independent                                            **
  47:../Dave/Generated/src/IO004/IO004.c **** **                                                                            **
  48:../Dave/Generated/src/IO004/IO004.c **** ** AUTHOR   : App Developer                                                   **
  49:../Dave/Generated/src/IO004/IO004.c **** **                                                                            **
  50:../Dave/Generated/src/IO004/IO004.c **** ** MAY BE CHANGED BY USER [yes/no]: Yes                                       **
  51:../Dave/Generated/src/IO004/IO004.c **** **                                                                            **
  52:../Dave/Generated/src/IO004/IO004.c **** ** MODIFICATION DATE : Mar 16, 2013                                           **
  53:../Dave/Generated/src/IO004/IO004.c **** **                                                                            **
  54:../Dave/Generated/src/IO004/IO004.c **** *******************************************************************************/
  55:../Dave/Generated/src/IO004/IO004.c **** /*******************************************************************************
  56:../Dave/Generated/src/IO004/IO004.c **** **                      Author(s) Identity                                    **
  57:../Dave/Generated/src/IO004/IO004.c **** ********************************************************************************
  58:../Dave/Generated/src/IO004/IO004.c **** **                                                                            **
  59:../Dave/Generated/src/IO004/IO004.c **** ** Initials     Name                                                          **
  60:../Dave/Generated/src/IO004/IO004.c **** ** ---------------------------------------------------------------------------**
  61:../Dave/Generated/src/IO004/IO004.c **** ** PAE        App Developer                                                   **
  62:../Dave/Generated/src/IO004/IO004.c **** *******************************************************************************/
  63:../Dave/Generated/src/IO004/IO004.c **** /**
  64:../Dave/Generated/src/IO004/IO004.c ****  * @file   IO004.c
  65:../Dave/Generated/src/IO004/IO004.c ****  *
  66:../Dave/Generated/src/IO004/IO004.c ****  * @brief  IO_Digital _IO004 App
  67:../Dave/Generated/src/IO004/IO004.c ****  *
  68:../Dave/Generated/src/IO004/IO004.c ****  * This app can be used to configure a IO Pin when the output shall be 
  69:../Dave/Generated/src/IO004/IO004.c ****  * controlled by software or when it required  just as a input I/O.IO002 App can 
  70:../Dave/Generated/src/IO004/IO004.c ****  * be used in any case except when the output shall be controlled by software.			
  71:../Dave/Generated/src/IO004/IO004.c ****  *
  72:../Dave/Generated/src/IO004/IO004.c ****  *	Note: 
  73:../Dave/Generated/src/IO004/IO004.c ****  *	The App GUI configures the Port Pin as GPIO in input mode by default.
  74:../Dave/Generated/src/IO004/IO004.c ****  */
  75:../Dave/Generated/src/IO004/IO004.c **** /* Revision History 
  76:../Dave/Generated/src/IO004/IO004.c ****  *
  77:../Dave/Generated/src/IO004/IO004.c ****  * 01 Jan 2013  v1.0.12  Disabled Pad Class & Pad driver configuration for 
  78:../Dave/Generated/src/IO004/IO004.c ****  *                       XMC1000.
  79:../Dave/Generated/src/IO004/IO004.c ****  * 16 Mar 2013  v1.0.14  Modified OMR register configuration (Direct assignment 
  80:../Dave/Generated/src/IO004/IO004.c ****  *                       without reading) to upgrade performance.
  81:../Dave/Generated/src/IO004/IO004.c ****  *
  82:../Dave/Generated/src/IO004/IO004.c ****  */
  83:../Dave/Generated/src/IO004/IO004.c **** /*******************************************************************************
  84:../Dave/Generated/src/IO004/IO004.c ****  ** INCLUDE FILES                                                             **
  85:../Dave/Generated/src/IO004/IO004.c ****  ******************************************************************************/
  86:../Dave/Generated/src/IO004/IO004.c **** 
  87:../Dave/Generated/src/IO004/IO004.c **** /** Inclusion of header file */
  88:../Dave/Generated/src/IO004/IO004.c **** #include <DAVE3.h>
  89:../Dave/Generated/src/IO004/IO004.c **** 
  90:../Dave/Generated/src/IO004/IO004.c **** /*******************************************************************************
  91:../Dave/Generated/src/IO004/IO004.c **** **                      Private Macro Definitions                             **
  92:../Dave/Generated/src/IO004/IO004.c **** *******************************************************************************/
  93:../Dave/Generated/src/IO004/IO004.c **** 
  94:../Dave/Generated/src/IO004/IO004.c **** /*******************************************************************************
  95:../Dave/Generated/src/IO004/IO004.c **** **                      Private Type Definitions                              **
  96:../Dave/Generated/src/IO004/IO004.c **** *******************************************************************************/
  97:../Dave/Generated/src/IO004/IO004.c **** 
  98:../Dave/Generated/src/IO004/IO004.c **** /*******************************************************************************
  99:../Dave/Generated/src/IO004/IO004.c **** **                 Private Function Declarations:
 100:../Dave/Generated/src/IO004/IO004.c **** *******************************************************************************/
 101:../Dave/Generated/src/IO004/IO004.c **** 
 102:../Dave/Generated/src/IO004/IO004.c **** /*******************************************************************************
 103:../Dave/Generated/src/IO004/IO004.c **** **                      Global Constant Definitions                           **
 104:../Dave/Generated/src/IO004/IO004.c **** *******************************************************************************/
 105:../Dave/Generated/src/IO004/IO004.c **** 
 106:../Dave/Generated/src/IO004/IO004.c **** /*******************************************************************************
 107:../Dave/Generated/src/IO004/IO004.c **** **                      Global Variable Definitions                           **
 108:../Dave/Generated/src/IO004/IO004.c **** *******************************************************************************/
 109:../Dave/Generated/src/IO004/IO004.c **** 
 110:../Dave/Generated/src/IO004/IO004.c **** /*******************************************************************************
 111:../Dave/Generated/src/IO004/IO004.c **** **                      Private Constant Definitions                          **
 112:../Dave/Generated/src/IO004/IO004.c **** *******************************************************************************/
 113:../Dave/Generated/src/IO004/IO004.c **** 
 114:../Dave/Generated/src/IO004/IO004.c **** /*******************************************************************************
 115:../Dave/Generated/src/IO004/IO004.c **** **                 Function like macro definitions                            **
 116:../Dave/Generated/src/IO004/IO004.c **** *******************************************************************************/
 117:../Dave/Generated/src/IO004/IO004.c **** /*******************************************************************************
 118:../Dave/Generated/src/IO004/IO004.c **** **                      Private Function Definitions                          **
 119:../Dave/Generated/src/IO004/IO004.c **** *******************************************************************************/
 120:../Dave/Generated/src/IO004/IO004.c **** 
 121:../Dave/Generated/src/IO004/IO004.c **** /*******************************************************************************
 122:../Dave/Generated/src/IO004/IO004.c **** **                      Public Function Definitions                           **
 123:../Dave/Generated/src/IO004/IO004.c **** *******************************************************************************/
 124:../Dave/Generated/src/IO004/IO004.c **** /** @ingroup IO004_Func
 125:../Dave/Generated/src/IO004/IO004.c ****  * @{
 126:../Dave/Generated/src/IO004/IO004.c ****  */
 127:../Dave/Generated/src/IO004/IO004.c **** 
 128:../Dave/Generated/src/IO004/IO004.c **** void IO004_Init(void)
 129:../Dave/Generated/src/IO004/IO004.c **** {
  28              		.loc 1 129 0
  29              		.cfi_startproc
  30              		@ args = 0, pretend = 0, frame = 0
  31              		@ frame_needed = 1, uses_anonymous_args = 0
  32              		@ link register save eliminated.
  33 0000 80B4     		push	{r7}
  34              	.LCFI0:
  35              		.cfi_def_cfa_offset 4
  36              		.cfi_offset 7, -4
  37 0002 00AF     		add	r7, sp, #0
  38              	.LCFI1:
  39              		.cfi_def_cfa_register 7
 130:../Dave/Generated/src/IO004/IO004.c ****    /* <<<DD_IO004_API_1>>> */
 131:../Dave/Generated/src/IO004/IO004.c **** 
 132:../Dave/Generated/src/IO004/IO004.c **** 	   
 133:../Dave/Generated/src/IO004/IO004.c **** 
 134:../Dave/Generated/src/IO004/IO004.c ****   /* Configuration of 5 Port 7 based on User configuration */
 135:../Dave/Generated/src/IO004/IO004.c ****   IO004_Handle0.PortRegs->OMR = 0U<< 7;
  40              		.loc 1 135 0
  41 0004 40F20003 		movw	r3, #:lower16:IO004_Handle0
  42 0008 C0F20003 		movt	r3, #:upper16:IO004_Handle0
  43 000c 5B68     		ldr	r3, [r3, #4]
  44 000e 4FF00002 		mov	r2, #0
  45 0012 5A60     		str	r2, [r3, #4]
 136:../Dave/Generated/src/IO004/IO004.c ****   
 137:../Dave/Generated/src/IO004/IO004.c ****   IO004_Handle0.PortRegs->PDR0   &= (uint32_t)(~(PORT5_PDR0_PD7_Msk));
  46              		.loc 1 137 0
  47 0014 40F20003 		movw	r3, #:lower16:IO004_Handle0
  48 0018 C0F20003 		movt	r3, #:upper16:IO004_Handle0
  49 001c 5A68     		ldr	r2, [r3, #4]
  50 001e 40F20003 		movw	r3, #:lower16:IO004_Handle0
  51 0022 C0F20003 		movt	r3, #:upper16:IO004_Handle0
  52 0026 5B68     		ldr	r3, [r3, #4]
  53 0028 1B6C     		ldr	r3, [r3, #64]
  54 002a 23F0E043 		bic	r3, r3, #1879048192
  55 002e 1364     		str	r3, [r2, #64]
 138:../Dave/Generated/src/IO004/IO004.c ****   IO004_Handle0.PortRegs->PDR0   |= (uint32_t)((4UL << PORT5_PDR0_PD7_Pos) & \
  56              		.loc 1 138 0
  57 0030 40F20003 		movw	r3, #:lower16:IO004_Handle0
  58 0034 C0F20003 		movt	r3, #:upper16:IO004_Handle0
  59 0038 5A68     		ldr	r2, [r3, #4]
  60 003a 40F20003 		movw	r3, #:lower16:IO004_Handle0
  61 003e C0F20003 		movt	r3, #:upper16:IO004_Handle0
  62 0042 5B68     		ldr	r3, [r3, #4]
  63 0044 1B6C     		ldr	r3, [r3, #64]
  64 0046 43F08043 		orr	r3, r3, #1073741824
  65 004a 1364     		str	r3, [r2, #64]
 139:../Dave/Generated/src/IO004/IO004.c ****                                           PORT5_PDR0_PD7_Msk);
 140:../Dave/Generated/src/IO004/IO004.c ****   IO004_Handle0.PortRegs->IOCR4 |= (8U << 27);   
  66              		.loc 1 140 0
  67 004c 40F20003 		movw	r3, #:lower16:IO004_Handle0
  68 0050 C0F20003 		movt	r3, #:upper16:IO004_Handle0
  69 0054 5A68     		ldr	r2, [r3, #4]
  70 0056 40F20003 		movw	r3, #:lower16:IO004_Handle0
  71 005a C0F20003 		movt	r3, #:upper16:IO004_Handle0
  72 005e 5B68     		ldr	r3, [r3, #4]
  73 0060 5B69     		ldr	r3, [r3, #20]
  74 0062 43F08043 		orr	r3, r3, #1073741824
  75 0066 5361     		str	r3, [r2, #20]
 141:../Dave/Generated/src/IO004/IO004.c **** 
 142:../Dave/Generated/src/IO004/IO004.c ****   /* Configuration of 1 Port 15 based on User configuration */
 143:../Dave/Generated/src/IO004/IO004.c ****   IO004_Handle1.PortRegs->OMR = 0U<< 15;
  76              		.loc 1 143 0
  77 0068 40F20003 		movw	r3, #:lower16:IO004_Handle1
  78 006c C0F20003 		movt	r3, #:upper16:IO004_Handle1
  79 0070 5B68     		ldr	r3, [r3, #4]
  80 0072 4FF00002 		mov	r2, #0
  81 0076 5A60     		str	r2, [r3, #4]
 144:../Dave/Generated/src/IO004/IO004.c ****   
 145:../Dave/Generated/src/IO004/IO004.c ****   IO004_Handle1.PortRegs->PDR1  &= (uint32_t)(~(PORT1_PDR1_PD15_Msk));
  82              		.loc 1 145 0
  83 0078 40F20003 		movw	r3, #:lower16:IO004_Handle1
  84 007c C0F20003 		movt	r3, #:upper16:IO004_Handle1
  85 0080 5A68     		ldr	r2, [r3, #4]
  86 0082 40F20003 		movw	r3, #:lower16:IO004_Handle1
  87 0086 C0F20003 		movt	r3, #:upper16:IO004_Handle1
  88 008a 5B68     		ldr	r3, [r3, #4]
  89 008c 5B6C     		ldr	r3, [r3, #68]
  90 008e 23F0E043 		bic	r3, r3, #1879048192
  91 0092 5364     		str	r3, [r2, #68]
 146:../Dave/Generated/src/IO004/IO004.c ****   IO004_Handle1.PortRegs->PDR1  |= (uint32_t)((4UL << PORT1_PDR1_PD15_Pos) & \
  92              		.loc 1 146 0
  93 0094 40F20003 		movw	r3, #:lower16:IO004_Handle1
  94 0098 C0F20003 		movt	r3, #:upper16:IO004_Handle1
  95 009c 5A68     		ldr	r2, [r3, #4]
  96 009e 40F20003 		movw	r3, #:lower16:IO004_Handle1
  97 00a2 C0F20003 		movt	r3, #:upper16:IO004_Handle1
  98 00a6 5B68     		ldr	r3, [r3, #4]
  99 00a8 5B6C     		ldr	r3, [r3, #68]
 100 00aa 43F08043 		orr	r3, r3, #1073741824
 101 00ae 5364     		str	r3, [r2, #68]
 147:../Dave/Generated/src/IO004/IO004.c ****                                      PORT1_PDR1_PD15_Msk);
 148:../Dave/Generated/src/IO004/IO004.c ****   IO004_Handle1.PortRegs->IOCR12 |= (0U << 27);   
 102              		.loc 1 148 0
 103 00b0 40F20003 		movw	r3, #:lower16:IO004_Handle1
 104 00b4 C0F20003 		movt	r3, #:upper16:IO004_Handle1
 105 00b8 5A68     		ldr	r2, [r3, #4]
 106 00ba 40F20003 		movw	r3, #:lower16:IO004_Handle1
 107 00be C0F20003 		movt	r3, #:upper16:IO004_Handle1
 108 00c2 5B68     		ldr	r3, [r3, #4]
 109 00c4 DB69     		ldr	r3, [r3, #28]
 110 00c6 D361     		str	r3, [r2, #28]
 149:../Dave/Generated/src/IO004/IO004.c **** 
 150:../Dave/Generated/src/IO004/IO004.c ****   /* Configuration of 1 Port 13 based on User configuration */
 151:../Dave/Generated/src/IO004/IO004.c ****   IO004_Handle2.PortRegs->OMR = 0U<< 13;
 111              		.loc 1 151 0
 112 00c8 40F20003 		movw	r3, #:lower16:IO004_Handle2
 113 00cc C0F20003 		movt	r3, #:upper16:IO004_Handle2
 114 00d0 5B68     		ldr	r3, [r3, #4]
 115 00d2 4FF00002 		mov	r2, #0
 116 00d6 5A60     		str	r2, [r3, #4]
 152:../Dave/Generated/src/IO004/IO004.c ****   
 153:../Dave/Generated/src/IO004/IO004.c ****   IO004_Handle2.PortRegs->PDR1  &= (uint32_t)(~(PORT1_PDR1_PD13_Msk));
 117              		.loc 1 153 0
 118 00d8 40F20003 		movw	r3, #:lower16:IO004_Handle2
 119 00dc C0F20003 		movt	r3, #:upper16:IO004_Handle2
 120 00e0 5A68     		ldr	r2, [r3, #4]
 121 00e2 40F20003 		movw	r3, #:lower16:IO004_Handle2
 122 00e6 C0F20003 		movt	r3, #:upper16:IO004_Handle2
 123 00ea 5B68     		ldr	r3, [r3, #4]
 124 00ec 5B6C     		ldr	r3, [r3, #68]
 125 00ee 23F4E003 		bic	r3, r3, #7340032
 126 00f2 5364     		str	r3, [r2, #68]
 154:../Dave/Generated/src/IO004/IO004.c ****   IO004_Handle2.PortRegs->PDR1  |= (uint32_t)((4UL << PORT1_PDR1_PD13_Pos) & \
 127              		.loc 1 154 0
 128 00f4 40F20003 		movw	r3, #:lower16:IO004_Handle2
 129 00f8 C0F20003 		movt	r3, #:upper16:IO004_Handle2
 130 00fc 5A68     		ldr	r2, [r3, #4]
 131 00fe 40F20003 		movw	r3, #:lower16:IO004_Handle2
 132 0102 C0F20003 		movt	r3, #:upper16:IO004_Handle2
 133 0106 5B68     		ldr	r3, [r3, #4]
 134 0108 5B6C     		ldr	r3, [r3, #68]
 135 010a 43F48003 		orr	r3, r3, #4194304
 136 010e 5364     		str	r3, [r2, #68]
 155:../Dave/Generated/src/IO004/IO004.c ****                                      PORT1_PDR1_PD13_Msk);
 156:../Dave/Generated/src/IO004/IO004.c ****   IO004_Handle2.PortRegs->IOCR12 |= (0U << 11);   
 137              		.loc 1 156 0
 138 0110 40F20003 		movw	r3, #:lower16:IO004_Handle2
 139 0114 C0F20003 		movt	r3, #:upper16:IO004_Handle2
 140 0118 5A68     		ldr	r2, [r3, #4]
 141 011a 40F20003 		movw	r3, #:lower16:IO004_Handle2
 142 011e C0F20003 		movt	r3, #:upper16:IO004_Handle2
 143 0122 5B68     		ldr	r3, [r3, #4]
 144 0124 DB69     		ldr	r3, [r3, #28]
 145 0126 D361     		str	r3, [r2, #28]
 157:../Dave/Generated/src/IO004/IO004.c **** 
 158:../Dave/Generated/src/IO004/IO004.c ****   /* Configuration of 1 Port 0 based on User configuration */
 159:../Dave/Generated/src/IO004/IO004.c ****   IO004_Handle3.PortRegs->OMR = 0U<< 0;
 146              		.loc 1 159 0
 147 0128 40F20003 		movw	r3, #:lower16:IO004_Handle3
 148 012c C0F20003 		movt	r3, #:upper16:IO004_Handle3
 149 0130 5B68     		ldr	r3, [r3, #4]
 150 0132 4FF00002 		mov	r2, #0
 151 0136 5A60     		str	r2, [r3, #4]
 160:../Dave/Generated/src/IO004/IO004.c ****   
 161:../Dave/Generated/src/IO004/IO004.c ****   IO004_Handle3.PortRegs->PDR0   &= (uint32_t)(~(PORT1_PDR0_PD0_Msk));
 152              		.loc 1 161 0
 153 0138 40F20003 		movw	r3, #:lower16:IO004_Handle3
 154 013c C0F20003 		movt	r3, #:upper16:IO004_Handle3
 155 0140 5A68     		ldr	r2, [r3, #4]
 156 0142 40F20003 		movw	r3, #:lower16:IO004_Handle3
 157 0146 C0F20003 		movt	r3, #:upper16:IO004_Handle3
 158 014a 5B68     		ldr	r3, [r3, #4]
 159 014c 1B6C     		ldr	r3, [r3, #64]
 160 014e 23F00703 		bic	r3, r3, #7
 161 0152 1364     		str	r3, [r2, #64]
 162:../Dave/Generated/src/IO004/IO004.c ****   IO004_Handle3.PortRegs->PDR0   |= (uint32_t)((4UL << PORT1_PDR0_PD0_Pos) & \
 162              		.loc 1 162 0
 163 0154 40F20003 		movw	r3, #:lower16:IO004_Handle3
 164 0158 C0F20003 		movt	r3, #:upper16:IO004_Handle3
 165 015c 5A68     		ldr	r2, [r3, #4]
 166 015e 40F20003 		movw	r3, #:lower16:IO004_Handle3
 167 0162 C0F20003 		movt	r3, #:upper16:IO004_Handle3
 168 0166 5B68     		ldr	r3, [r3, #4]
 169 0168 1B6C     		ldr	r3, [r3, #64]
 170 016a 43F00403 		orr	r3, r3, #4
 171 016e 1364     		str	r3, [r2, #64]
 163:../Dave/Generated/src/IO004/IO004.c ****                                           PORT1_PDR0_PD0_Msk);
 164:../Dave/Generated/src/IO004/IO004.c ****   IO004_Handle3.PortRegs->IOCR0 |= (0U << 3);   
 172              		.loc 1 164 0
 173 0170 40F20003 		movw	r3, #:lower16:IO004_Handle3
 174 0174 C0F20003 		movt	r3, #:upper16:IO004_Handle3
 175 0178 5A68     		ldr	r2, [r3, #4]
 176 017a 40F20003 		movw	r3, #:lower16:IO004_Handle3
 177 017e C0F20003 		movt	r3, #:upper16:IO004_Handle3
 178 0182 5B68     		ldr	r3, [r3, #4]
 179 0184 1B69     		ldr	r3, [r3, #16]
 180 0186 1361     		str	r3, [r2, #16]
 165:../Dave/Generated/src/IO004/IO004.c **** 
 166:../Dave/Generated/src/IO004/IO004.c ****   /* Configuration of 1 Port 1 based on User configuration */
 167:../Dave/Generated/src/IO004/IO004.c ****   IO004_Handle4.PortRegs->OMR = 0U<< 1;
 181              		.loc 1 167 0
 182 0188 40F20003 		movw	r3, #:lower16:IO004_Handle4
 183 018c C0F20003 		movt	r3, #:upper16:IO004_Handle4
 184 0190 5B68     		ldr	r3, [r3, #4]
 185 0192 4FF00002 		mov	r2, #0
 186 0196 5A60     		str	r2, [r3, #4]
 168:../Dave/Generated/src/IO004/IO004.c ****   
 169:../Dave/Generated/src/IO004/IO004.c ****   IO004_Handle4.PortRegs->PDR0   &= (uint32_t)(~(PORT1_PDR0_PD1_Msk));
 187              		.loc 1 169 0
 188 0198 40F20003 		movw	r3, #:lower16:IO004_Handle4
 189 019c C0F20003 		movt	r3, #:upper16:IO004_Handle4
 190 01a0 5A68     		ldr	r2, [r3, #4]
 191 01a2 40F20003 		movw	r3, #:lower16:IO004_Handle4
 192 01a6 C0F20003 		movt	r3, #:upper16:IO004_Handle4
 193 01aa 5B68     		ldr	r3, [r3, #4]
 194 01ac 1B6C     		ldr	r3, [r3, #64]
 195 01ae 23F07003 		bic	r3, r3, #112
 196 01b2 1364     		str	r3, [r2, #64]
 170:../Dave/Generated/src/IO004/IO004.c ****   IO004_Handle4.PortRegs->PDR0   |= (uint32_t)((4UL << PORT1_PDR0_PD1_Pos) & \
 197              		.loc 1 170 0
 198 01b4 40F20003 		movw	r3, #:lower16:IO004_Handle4
 199 01b8 C0F20003 		movt	r3, #:upper16:IO004_Handle4
 200 01bc 5A68     		ldr	r2, [r3, #4]
 201 01be 40F20003 		movw	r3, #:lower16:IO004_Handle4
 202 01c2 C0F20003 		movt	r3, #:upper16:IO004_Handle4
 203 01c6 5B68     		ldr	r3, [r3, #4]
 204 01c8 1B6C     		ldr	r3, [r3, #64]
 205 01ca 43F04003 		orr	r3, r3, #64
 206 01ce 1364     		str	r3, [r2, #64]
 171:../Dave/Generated/src/IO004/IO004.c ****                                           PORT1_PDR0_PD1_Msk);
 172:../Dave/Generated/src/IO004/IO004.c ****   IO004_Handle4.PortRegs->IOCR0 |= (0U << 11);
 207              		.loc 1 172 0
 208 01d0 40F20003 		movw	r3, #:lower16:IO004_Handle4
 209 01d4 C0F20003 		movt	r3, #:upper16:IO004_Handle4
 210 01d8 5A68     		ldr	r2, [r3, #4]
 211 01da 40F20003 		movw	r3, #:lower16:IO004_Handle4
 212 01de C0F20003 		movt	r3, #:upper16:IO004_Handle4
 213 01e2 5B68     		ldr	r3, [r3, #4]
 214 01e4 1B69     		ldr	r3, [r3, #16]
 215 01e6 1361     		str	r3, [r2, #16]
 173:../Dave/Generated/src/IO004/IO004.c **** }
 216              		.loc 1 173 0
 217 01e8 BD46     		mov	sp, r7
 218 01ea 80BC     		pop	{r7}
 219 01ec 7047     		bx	lr
 220              		.cfi_endproc
 221              	.LFE117:
 223 01ee 00BF     		.section	.text.IO004_DisableOutputDriver,"ax",%progbits
 224              		.align	2
 225              		.global	IO004_DisableOutputDriver
 226              		.thumb
 227              		.thumb_func
 229              	IO004_DisableOutputDriver:
 230              	.LFB118:
 174:../Dave/Generated/src/IO004/IO004.c **** 
 175:../Dave/Generated/src/IO004/IO004.c **** void IO004_DisableOutputDriver(const IO004_HandleType* Handle,IO004_InputModeType Mode)
 176:../Dave/Generated/src/IO004/IO004.c **** {
 231              		.loc 1 176 0
 232              		.cfi_startproc
 233              		@ args = 0, pretend = 0, frame = 16
 234              		@ frame_needed = 1, uses_anonymous_args = 0
 235              		@ link register save eliminated.
 236 0000 80B4     		push	{r7}
 237              	.LCFI2:
 238              		.cfi_def_cfa_offset 4
 239              		.cfi_offset 7, -4
 240 0002 85B0     		sub	sp, sp, #20
 241              	.LCFI3:
 242              		.cfi_def_cfa_offset 24
 243 0004 00AF     		add	r7, sp, #0
 244              	.LCFI4:
 245              		.cfi_def_cfa_register 7
 246 0006 7860     		str	r0, [r7, #4]
 247 0008 0B46     		mov	r3, r1
 248 000a FB70     		strb	r3, [r7, #3]
 177:../Dave/Generated/src/IO004/IO004.c ****   uint8_t Pin = Handle->PortPin;
 249              		.loc 1 177 0
 250 000c 7B68     		ldr	r3, [r7, #4]
 251 000e 5B78     		ldrb	r3, [r3, #1]
 252 0010 FB73     		strb	r3, [r7, #15]
 178:../Dave/Generated/src/IO004/IO004.c ****   /* <<<DD_IO004_API_2>>> */
 179:../Dave/Generated/src/IO004/IO004.c ****   if(Pin < 4U)
 253              		.loc 1 179 0
 254 0012 FB7B     		ldrb	r3, [r7, #15]	@ zero_extendqisi2
 255 0014 032B     		cmp	r3, #3
 256 0016 23D8     		bhi	.L3
 180:../Dave/Generated/src/IO004/IO004.c ****   {
 181:../Dave/Generated/src/IO004/IO004.c ****     Handle->PortRegs->IOCR0  =  (uint32_t)(Handle->PortRegs->IOCR0 & ~(0x0000001FUL << (3U+(Pin*8U)
 257              		.loc 1 181 0
 258 0018 7B68     		ldr	r3, [r7, #4]
 259 001a 5B68     		ldr	r3, [r3, #4]
 260 001c 7A68     		ldr	r2, [r7, #4]
 261 001e 5268     		ldr	r2, [r2, #4]
 262 0020 1169     		ldr	r1, [r2, #16]
 263 0022 FA7B     		ldrb	r2, [r7, #15]	@ zero_extendqisi2
 264 0024 4FEAC202 		lsl	r2, r2, #3
 265 0028 02F10302 		add	r2, r2, #3
 266 002c 4FF01F00 		mov	r0, #31
 267 0030 00FA02F2 		lsl	r2, r0, r2
 268 0034 6FEA0202 		mvn	r2, r2
 269 0038 0A40     		ands	r2, r2, r1
 270 003a 1A61     		str	r2, [r3, #16]
 182:../Dave/Generated/src/IO004/IO004.c ****     Handle->PortRegs->IOCR0 |= (uint32_t)(((uint32_t)Mode & 0x1FUL) << (3U+(Pin*8U)));
 271              		.loc 1 182 0
 272 003c 7B68     		ldr	r3, [r7, #4]
 273 003e 5B68     		ldr	r3, [r3, #4]
 274 0040 7A68     		ldr	r2, [r7, #4]
 275 0042 5268     		ldr	r2, [r2, #4]
 276 0044 1169     		ldr	r1, [r2, #16]
 277 0046 FA78     		ldrb	r2, [r7, #3]	@ zero_extendqisi2
 278 0048 02F01F00 		and	r0, r2, #31
 279 004c FA7B     		ldrb	r2, [r7, #15]	@ zero_extendqisi2
 280 004e 4FEAC202 		lsl	r2, r2, #3
 281 0052 02F10302 		add	r2, r2, #3
 282 0056 00FA02F2 		lsl	r2, r0, r2
 283 005a 0A43     		orrs	r2, r2, r1
 284 005c 1A61     		str	r2, [r3, #16]
 285 005e 88E0     		b	.L2
 286              	.L3:
 183:../Dave/Generated/src/IO004/IO004.c ****   } else if ((Pin >= 4U) && (Pin <= 7U))
 287              		.loc 1 183 0
 288 0060 FB7B     		ldrb	r3, [r7, #15]	@ zero_extendqisi2
 289 0062 032B     		cmp	r3, #3
 290 0064 2AD9     		bls	.L5
 291              		.loc 1 183 0 is_stmt 0 discriminator 1
 292 0066 FB7B     		ldrb	r3, [r7, #15]	@ zero_extendqisi2
 293 0068 072B     		cmp	r3, #7
 294 006a 27D8     		bhi	.L5
 184:../Dave/Generated/src/IO004/IO004.c ****   {
 185:../Dave/Generated/src/IO004/IO004.c ****     Pin = Pin - 4U;
 295              		.loc 1 185 0 is_stmt 1
 296 006c FB7B     		ldrb	r3, [r7, #15]
 297 006e A3F10403 		sub	r3, r3, #4
 298 0072 FB73     		strb	r3, [r7, #15]
 186:../Dave/Generated/src/IO004/IO004.c ****     Handle->PortRegs->IOCR4  =  (uint32_t)(Handle->PortRegs->IOCR4 & ~(0x0000001FUL << (3U+(Pin*8U)
 299              		.loc 1 186 0
 300 0074 7B68     		ldr	r3, [r7, #4]
 301 0076 5B68     		ldr	r3, [r3, #4]
 302 0078 7A68     		ldr	r2, [r7, #4]
 303 007a 5268     		ldr	r2, [r2, #4]
 304 007c 5169     		ldr	r1, [r2, #20]
 305 007e FA7B     		ldrb	r2, [r7, #15]	@ zero_extendqisi2
 306 0080 4FEAC202 		lsl	r2, r2, #3
 307 0084 02F10302 		add	r2, r2, #3
 308 0088 4FF01F00 		mov	r0, #31
 309 008c 00FA02F2 		lsl	r2, r0, r2
 310 0090 6FEA0202 		mvn	r2, r2
 311 0094 0A40     		ands	r2, r2, r1
 312 0096 5A61     		str	r2, [r3, #20]
 187:../Dave/Generated/src/IO004/IO004.c ****     Handle->PortRegs->IOCR4 |=  (uint32_t)(((uint32_t)Mode & 0x1FUL) << (3U+(Pin*8U)));
 313              		.loc 1 187 0
 314 0098 7B68     		ldr	r3, [r7, #4]
 315 009a 5B68     		ldr	r3, [r3, #4]
 316 009c 7A68     		ldr	r2, [r7, #4]
 317 009e 5268     		ldr	r2, [r2, #4]
 318 00a0 5169     		ldr	r1, [r2, #20]
 319 00a2 FA78     		ldrb	r2, [r7, #3]	@ zero_extendqisi2
 320 00a4 02F01F00 		and	r0, r2, #31
 321 00a8 FA7B     		ldrb	r2, [r7, #15]	@ zero_extendqisi2
 322 00aa 4FEAC202 		lsl	r2, r2, #3
 323 00ae 02F10302 		add	r2, r2, #3
 324 00b2 00FA02F2 		lsl	r2, r0, r2
 325 00b6 0A43     		orrs	r2, r2, r1
 326 00b8 5A61     		str	r2, [r3, #20]
 327 00ba 5AE0     		b	.L2
 328              	.L5:
 188:../Dave/Generated/src/IO004/IO004.c ****   } else if ((Pin >= 8U) && (Pin <= 11U))
 329              		.loc 1 188 0
 330 00bc FB7B     		ldrb	r3, [r7, #15]	@ zero_extendqisi2
 331 00be 072B     		cmp	r3, #7
 332 00c0 2AD9     		bls	.L6
 333              		.loc 1 188 0 is_stmt 0 discriminator 1
 334 00c2 FB7B     		ldrb	r3, [r7, #15]	@ zero_extendqisi2
 335 00c4 0B2B     		cmp	r3, #11
 336 00c6 27D8     		bhi	.L6
 189:../Dave/Generated/src/IO004/IO004.c ****   {
 190:../Dave/Generated/src/IO004/IO004.c ****     Pin = Pin - 8U;
 337              		.loc 1 190 0 is_stmt 1
 338 00c8 FB7B     		ldrb	r3, [r7, #15]
 339 00ca A3F10803 		sub	r3, r3, #8
 340 00ce FB73     		strb	r3, [r7, #15]
 191:../Dave/Generated/src/IO004/IO004.c ****     Handle->PortRegs->IOCR8  =  (uint32_t)(Handle->PortRegs->IOCR8 & ~(0x0000001FUL << (3U+(Pin*8U)
 341              		.loc 1 191 0
 342 00d0 7B68     		ldr	r3, [r7, #4]
 343 00d2 5B68     		ldr	r3, [r3, #4]
 344 00d4 7A68     		ldr	r2, [r7, #4]
 345 00d6 5268     		ldr	r2, [r2, #4]
 346 00d8 9169     		ldr	r1, [r2, #24]
 347 00da FA7B     		ldrb	r2, [r7, #15]	@ zero_extendqisi2
 348 00dc 4FEAC202 		lsl	r2, r2, #3
 349 00e0 02F10302 		add	r2, r2, #3
 350 00e4 4FF01F00 		mov	r0, #31
 351 00e8 00FA02F2 		lsl	r2, r0, r2
 352 00ec 6FEA0202 		mvn	r2, r2
 353 00f0 0A40     		ands	r2, r2, r1
 354 00f2 9A61     		str	r2, [r3, #24]
 192:../Dave/Generated/src/IO004/IO004.c ****     Handle->PortRegs->IOCR8 |=  (uint32_t)(((uint32_t)Mode & 0x1FUL) << (3U+(Pin*8U)));
 355              		.loc 1 192 0
 356 00f4 7B68     		ldr	r3, [r7, #4]
 357 00f6 5B68     		ldr	r3, [r3, #4]
 358 00f8 7A68     		ldr	r2, [r7, #4]
 359 00fa 5268     		ldr	r2, [r2, #4]
 360 00fc 9169     		ldr	r1, [r2, #24]
 361 00fe FA78     		ldrb	r2, [r7, #3]	@ zero_extendqisi2
 362 0100 02F01F00 		and	r0, r2, #31
 363 0104 FA7B     		ldrb	r2, [r7, #15]	@ zero_extendqisi2
 364 0106 4FEAC202 		lsl	r2, r2, #3
 365 010a 02F10302 		add	r2, r2, #3
 366 010e 00FA02F2 		lsl	r2, r0, r2
 367 0112 0A43     		orrs	r2, r2, r1
 368 0114 9A61     		str	r2, [r3, #24]
 369 0116 2CE0     		b	.L2
 370              	.L6:
 193:../Dave/Generated/src/IO004/IO004.c ****   } else if ((Pin >= 12U) && (Pin <= 15U))
 371              		.loc 1 193 0
 372 0118 FB7B     		ldrb	r3, [r7, #15]	@ zero_extendqisi2
 373 011a 0B2B     		cmp	r3, #11
 374 011c 29D9     		bls	.L2
 375              		.loc 1 193 0 is_stmt 0 discriminator 1
 376 011e FB7B     		ldrb	r3, [r7, #15]	@ zero_extendqisi2
 377 0120 0F2B     		cmp	r3, #15
 378 0122 26D8     		bhi	.L2
 194:../Dave/Generated/src/IO004/IO004.c ****   {
 195:../Dave/Generated/src/IO004/IO004.c ****     Pin = Pin - 12U;
 379              		.loc 1 195 0 is_stmt 1
 380 0124 FB7B     		ldrb	r3, [r7, #15]
 381 0126 A3F10C03 		sub	r3, r3, #12
 382 012a FB73     		strb	r3, [r7, #15]
 196:../Dave/Generated/src/IO004/IO004.c ****     Handle->PortRegs->IOCR12  =  (uint32_t)(Handle->PortRegs->IOCR12 & ~(0x0000001FUL << (3U+(Pin*8
 383              		.loc 1 196 0
 384 012c 7B68     		ldr	r3, [r7, #4]
 385 012e 5B68     		ldr	r3, [r3, #4]
 386 0130 7A68     		ldr	r2, [r7, #4]
 387 0132 5268     		ldr	r2, [r2, #4]
 388 0134 D169     		ldr	r1, [r2, #28]
 389 0136 FA7B     		ldrb	r2, [r7, #15]	@ zero_extendqisi2
 390 0138 4FEAC202 		lsl	r2, r2, #3
 391 013c 02F10302 		add	r2, r2, #3
 392 0140 4FF01F00 		mov	r0, #31
 393 0144 00FA02F2 		lsl	r2, r0, r2
 394 0148 6FEA0202 		mvn	r2, r2
 395 014c 0A40     		ands	r2, r2, r1
 396 014e DA61     		str	r2, [r3, #28]
 197:../Dave/Generated/src/IO004/IO004.c ****     Handle->PortRegs->IOCR12 |=  (uint32_t)(((uint32_t)Mode & 0x1FUL) << (3U+(Pin*8U)));
 397              		.loc 1 197 0
 398 0150 7B68     		ldr	r3, [r7, #4]
 399 0152 5B68     		ldr	r3, [r3, #4]
 400 0154 7A68     		ldr	r2, [r7, #4]
 401 0156 5268     		ldr	r2, [r2, #4]
 402 0158 D169     		ldr	r1, [r2, #28]
 403 015a FA78     		ldrb	r2, [r7, #3]	@ zero_extendqisi2
 404 015c 02F01F00 		and	r0, r2, #31
 405 0160 FA7B     		ldrb	r2, [r7, #15]	@ zero_extendqisi2
 406 0162 4FEAC202 		lsl	r2, r2, #3
 407 0166 02F10302 		add	r2, r2, #3
 408 016a 00FA02F2 		lsl	r2, r0, r2
 409 016e 0A43     		orrs	r2, r2, r1
 410 0170 DA61     		str	r2, [r3, #28]
 411              	.L2:
 198:../Dave/Generated/src/IO004/IO004.c ****   }
 199:../Dave/Generated/src/IO004/IO004.c ****   else
 200:../Dave/Generated/src/IO004/IO004.c ****   {
 201:../Dave/Generated/src/IO004/IO004.c **** 	  /*Not supposed to be here */
 202:../Dave/Generated/src/IO004/IO004.c ****   }
 203:../Dave/Generated/src/IO004/IO004.c **** 
 204:../Dave/Generated/src/IO004/IO004.c **** }
 412              		.loc 1 204 0
 413 0172 07F11407 		add	r7, r7, #20
 414 0176 BD46     		mov	sp, r7
 415 0178 80BC     		pop	{r7}
 416 017a 7047     		bx	lr
 417              		.cfi_endproc
 418              	.LFE118:
 420              		.section	.text.IO004_EnableOutputDriver,"ax",%progbits
 421              		.align	2
 422              		.global	IO004_EnableOutputDriver
 423              		.thumb
 424              		.thumb_func
 426              	IO004_EnableOutputDriver:
 427              	.LFB119:
 205:../Dave/Generated/src/IO004/IO004.c **** 
 206:../Dave/Generated/src/IO004/IO004.c **** void IO004_EnableOutputDriver(const IO004_HandleType* Handle,IO004_OutputModeType Mode)
 207:../Dave/Generated/src/IO004/IO004.c **** {
 428              		.loc 1 207 0
 429              		.cfi_startproc
 430              		@ args = 0, pretend = 0, frame = 16
 431              		@ frame_needed = 1, uses_anonymous_args = 0
 432              		@ link register save eliminated.
 433 0000 80B4     		push	{r7}
 434              	.LCFI5:
 435              		.cfi_def_cfa_offset 4
 436              		.cfi_offset 7, -4
 437 0002 85B0     		sub	sp, sp, #20
 438              	.LCFI6:
 439              		.cfi_def_cfa_offset 24
 440 0004 00AF     		add	r7, sp, #0
 441              	.LCFI7:
 442              		.cfi_def_cfa_register 7
 443 0006 7860     		str	r0, [r7, #4]
 444 0008 0B46     		mov	r3, r1
 445 000a FB70     		strb	r3, [r7, #3]
 208:../Dave/Generated/src/IO004/IO004.c **** 
 209:../Dave/Generated/src/IO004/IO004.c ****   uint8_t Pin = Handle->PortPin;
 446              		.loc 1 209 0
 447 000c 7B68     		ldr	r3, [r7, #4]
 448 000e 5B78     		ldrb	r3, [r3, #1]
 449 0010 FB73     		strb	r3, [r7, #15]
 210:../Dave/Generated/src/IO004/IO004.c ****   /* <<<DD_IO004_API_2>>> */
 211:../Dave/Generated/src/IO004/IO004.c ****   if(Pin < 4U)
 450              		.loc 1 211 0
 451 0012 FB7B     		ldrb	r3, [r7, #15]	@ zero_extendqisi2
 452 0014 032B     		cmp	r3, #3
 453 0016 23D8     		bhi	.L8
 212:../Dave/Generated/src/IO004/IO004.c ****   {
 213:../Dave/Generated/src/IO004/IO004.c ****     Handle->PortRegs->IOCR0  =  (uint32_t)(Handle->PortRegs->IOCR0 & ~(0x0000001FUL << (3U+(Pin*8U)
 454              		.loc 1 213 0
 455 0018 7B68     		ldr	r3, [r7, #4]
 456 001a 5B68     		ldr	r3, [r3, #4]
 457 001c 7A68     		ldr	r2, [r7, #4]
 458 001e 5268     		ldr	r2, [r2, #4]
 459 0020 1169     		ldr	r1, [r2, #16]
 460 0022 FA7B     		ldrb	r2, [r7, #15]	@ zero_extendqisi2
 461 0024 4FEAC202 		lsl	r2, r2, #3
 462 0028 02F10302 		add	r2, r2, #3
 463 002c 4FF01F00 		mov	r0, #31
 464 0030 00FA02F2 		lsl	r2, r0, r2
 465 0034 6FEA0202 		mvn	r2, r2
 466 0038 0A40     		ands	r2, r2, r1
 467 003a 1A61     		str	r2, [r3, #16]
 214:../Dave/Generated/src/IO004/IO004.c ****     Handle->PortRegs->IOCR0 |=  (uint32_t)(((uint32_t)Mode & 0x1FUL) << (3U+(Pin*8U)));
 468              		.loc 1 214 0
 469 003c 7B68     		ldr	r3, [r7, #4]
 470 003e 5B68     		ldr	r3, [r3, #4]
 471 0040 7A68     		ldr	r2, [r7, #4]
 472 0042 5268     		ldr	r2, [r2, #4]
 473 0044 1169     		ldr	r1, [r2, #16]
 474 0046 FA78     		ldrb	r2, [r7, #3]	@ zero_extendqisi2
 475 0048 02F01F00 		and	r0, r2, #31
 476 004c FA7B     		ldrb	r2, [r7, #15]	@ zero_extendqisi2
 477 004e 4FEAC202 		lsl	r2, r2, #3
 478 0052 02F10302 		add	r2, r2, #3
 479 0056 00FA02F2 		lsl	r2, r0, r2
 480 005a 0A43     		orrs	r2, r2, r1
 481 005c 1A61     		str	r2, [r3, #16]
 482 005e 88E0     		b	.L7
 483              	.L8:
 215:../Dave/Generated/src/IO004/IO004.c ****   } else if ((Pin >= 4U) && (Pin <= 7U))
 484              		.loc 1 215 0
 485 0060 FB7B     		ldrb	r3, [r7, #15]	@ zero_extendqisi2
 486 0062 032B     		cmp	r3, #3
 487 0064 2AD9     		bls	.L10
 488              		.loc 1 215 0 is_stmt 0 discriminator 1
 489 0066 FB7B     		ldrb	r3, [r7, #15]	@ zero_extendqisi2
 490 0068 072B     		cmp	r3, #7
 491 006a 27D8     		bhi	.L10
 216:../Dave/Generated/src/IO004/IO004.c ****   {
 217:../Dave/Generated/src/IO004/IO004.c ****     Pin = Pin - 4U;
 492              		.loc 1 217 0 is_stmt 1
 493 006c FB7B     		ldrb	r3, [r7, #15]
 494 006e A3F10403 		sub	r3, r3, #4
 495 0072 FB73     		strb	r3, [r7, #15]
 218:../Dave/Generated/src/IO004/IO004.c ****     Handle->PortRegs->IOCR4  =  (uint32_t)(Handle->PortRegs->IOCR4 & ~(0x0000001FUL << (3U+(Pin*8U)
 496              		.loc 1 218 0
 497 0074 7B68     		ldr	r3, [r7, #4]
 498 0076 5B68     		ldr	r3, [r3, #4]
 499 0078 7A68     		ldr	r2, [r7, #4]
 500 007a 5268     		ldr	r2, [r2, #4]
 501 007c 5169     		ldr	r1, [r2, #20]
 502 007e FA7B     		ldrb	r2, [r7, #15]	@ zero_extendqisi2
 503 0080 4FEAC202 		lsl	r2, r2, #3
 504 0084 02F10302 		add	r2, r2, #3
 505 0088 4FF01F00 		mov	r0, #31
 506 008c 00FA02F2 		lsl	r2, r0, r2
 507 0090 6FEA0202 		mvn	r2, r2
 508 0094 0A40     		ands	r2, r2, r1
 509 0096 5A61     		str	r2, [r3, #20]
 219:../Dave/Generated/src/IO004/IO004.c ****     Handle->PortRegs->IOCR4 |=  (uint32_t)(((uint32_t)Mode & 0x1FUL) << (3U+(Pin*8U)));
 510              		.loc 1 219 0
 511 0098 7B68     		ldr	r3, [r7, #4]
 512 009a 5B68     		ldr	r3, [r3, #4]
 513 009c 7A68     		ldr	r2, [r7, #4]
 514 009e 5268     		ldr	r2, [r2, #4]
 515 00a0 5169     		ldr	r1, [r2, #20]
 516 00a2 FA78     		ldrb	r2, [r7, #3]	@ zero_extendqisi2
 517 00a4 02F01F00 		and	r0, r2, #31
 518 00a8 FA7B     		ldrb	r2, [r7, #15]	@ zero_extendqisi2
 519 00aa 4FEAC202 		lsl	r2, r2, #3
 520 00ae 02F10302 		add	r2, r2, #3
 521 00b2 00FA02F2 		lsl	r2, r0, r2
 522 00b6 0A43     		orrs	r2, r2, r1
 523 00b8 5A61     		str	r2, [r3, #20]
 524 00ba 5AE0     		b	.L7
 525              	.L10:
 220:../Dave/Generated/src/IO004/IO004.c ****   } else if ((Pin >= 8U) && (Pin <= 11U))
 526              		.loc 1 220 0
 527 00bc FB7B     		ldrb	r3, [r7, #15]	@ zero_extendqisi2
 528 00be 072B     		cmp	r3, #7
 529 00c0 2AD9     		bls	.L11
 530              		.loc 1 220 0 is_stmt 0 discriminator 1
 531 00c2 FB7B     		ldrb	r3, [r7, #15]	@ zero_extendqisi2
 532 00c4 0B2B     		cmp	r3, #11
 533 00c6 27D8     		bhi	.L11
 221:../Dave/Generated/src/IO004/IO004.c ****   {
 222:../Dave/Generated/src/IO004/IO004.c ****     Pin = Pin - 8U;
 534              		.loc 1 222 0 is_stmt 1
 535 00c8 FB7B     		ldrb	r3, [r7, #15]
 536 00ca A3F10803 		sub	r3, r3, #8
 537 00ce FB73     		strb	r3, [r7, #15]
 223:../Dave/Generated/src/IO004/IO004.c ****     Handle->PortRegs->IOCR8  =  (uint32_t)(Handle->PortRegs->IOCR8 & ~(0x0000001FUL << (3U+(Pin*8U)
 538              		.loc 1 223 0
 539 00d0 7B68     		ldr	r3, [r7, #4]
 540 00d2 5B68     		ldr	r3, [r3, #4]
 541 00d4 7A68     		ldr	r2, [r7, #4]
 542 00d6 5268     		ldr	r2, [r2, #4]
 543 00d8 9169     		ldr	r1, [r2, #24]
 544 00da FA7B     		ldrb	r2, [r7, #15]	@ zero_extendqisi2
 545 00dc 4FEAC202 		lsl	r2, r2, #3
 546 00e0 02F10302 		add	r2, r2, #3
 547 00e4 4FF01F00 		mov	r0, #31
 548 00e8 00FA02F2 		lsl	r2, r0, r2
 549 00ec 6FEA0202 		mvn	r2, r2
 550 00f0 0A40     		ands	r2, r2, r1
 551 00f2 9A61     		str	r2, [r3, #24]
 224:../Dave/Generated/src/IO004/IO004.c ****     Handle->PortRegs->IOCR8 |=  (uint32_t)(((uint32_t)Mode & 0x1FUL) << (3U+(Pin*8U)));
 552              		.loc 1 224 0
 553 00f4 7B68     		ldr	r3, [r7, #4]
 554 00f6 5B68     		ldr	r3, [r3, #4]
 555 00f8 7A68     		ldr	r2, [r7, #4]
 556 00fa 5268     		ldr	r2, [r2, #4]
 557 00fc 9169     		ldr	r1, [r2, #24]
 558 00fe FA78     		ldrb	r2, [r7, #3]	@ zero_extendqisi2
 559 0100 02F01F00 		and	r0, r2, #31
 560 0104 FA7B     		ldrb	r2, [r7, #15]	@ zero_extendqisi2
 561 0106 4FEAC202 		lsl	r2, r2, #3
 562 010a 02F10302 		add	r2, r2, #3
 563 010e 00FA02F2 		lsl	r2, r0, r2
 564 0112 0A43     		orrs	r2, r2, r1
 565 0114 9A61     		str	r2, [r3, #24]
 566 0116 2CE0     		b	.L7
 567              	.L11:
 225:../Dave/Generated/src/IO004/IO004.c ****   } else if ((Pin >= 12U) && (Pin <= 15U))
 568              		.loc 1 225 0
 569 0118 FB7B     		ldrb	r3, [r7, #15]	@ zero_extendqisi2
 570 011a 0B2B     		cmp	r3, #11
 571 011c 29D9     		bls	.L7
 572              		.loc 1 225 0 is_stmt 0 discriminator 1
 573 011e FB7B     		ldrb	r3, [r7, #15]	@ zero_extendqisi2
 574 0120 0F2B     		cmp	r3, #15
 575 0122 26D8     		bhi	.L7
 226:../Dave/Generated/src/IO004/IO004.c ****   {
 227:../Dave/Generated/src/IO004/IO004.c ****     Pin = Pin - 12U;
 576              		.loc 1 227 0 is_stmt 1
 577 0124 FB7B     		ldrb	r3, [r7, #15]
 578 0126 A3F10C03 		sub	r3, r3, #12
 579 012a FB73     		strb	r3, [r7, #15]
 228:../Dave/Generated/src/IO004/IO004.c ****     Handle->PortRegs->IOCR12  =  (uint32_t)(Handle->PortRegs->IOCR12 & ~(0x0000001FUL << (3U+(Pin*8
 580              		.loc 1 228 0
 581 012c 7B68     		ldr	r3, [r7, #4]
 582 012e 5B68     		ldr	r3, [r3, #4]
 583 0130 7A68     		ldr	r2, [r7, #4]
 584 0132 5268     		ldr	r2, [r2, #4]
 585 0134 D169     		ldr	r1, [r2, #28]
 586 0136 FA7B     		ldrb	r2, [r7, #15]	@ zero_extendqisi2
 587 0138 4FEAC202 		lsl	r2, r2, #3
 588 013c 02F10302 		add	r2, r2, #3
 589 0140 4FF01F00 		mov	r0, #31
 590 0144 00FA02F2 		lsl	r2, r0, r2
 591 0148 6FEA0202 		mvn	r2, r2
 592 014c 0A40     		ands	r2, r2, r1
 593 014e DA61     		str	r2, [r3, #28]
 229:../Dave/Generated/src/IO004/IO004.c ****     Handle->PortRegs->IOCR12 |=  (uint32_t)(((uint32_t)Mode & 0x1FUL) << (3U+(Pin*8U)));
 594              		.loc 1 229 0
 595 0150 7B68     		ldr	r3, [r7, #4]
 596 0152 5B68     		ldr	r3, [r3, #4]
 597 0154 7A68     		ldr	r2, [r7, #4]
 598 0156 5268     		ldr	r2, [r2, #4]
 599 0158 D169     		ldr	r1, [r2, #28]
 600 015a FA78     		ldrb	r2, [r7, #3]	@ zero_extendqisi2
 601 015c 02F01F00 		and	r0, r2, #31
 602 0160 FA7B     		ldrb	r2, [r7, #15]	@ zero_extendqisi2
 603 0162 4FEAC202 		lsl	r2, r2, #3
 604 0166 02F10302 		add	r2, r2, #3
 605 016a 00FA02F2 		lsl	r2, r0, r2
 606 016e 0A43     		orrs	r2, r2, r1
 607 0170 DA61     		str	r2, [r3, #28]
 608              	.L7:
 230:../Dave/Generated/src/IO004/IO004.c ****   }
 231:../Dave/Generated/src/IO004/IO004.c ****   else
 232:../Dave/Generated/src/IO004/IO004.c ****   {
 233:../Dave/Generated/src/IO004/IO004.c **** 	  /*Not supposed to be here */
 234:../Dave/Generated/src/IO004/IO004.c ****   }
 235:../Dave/Generated/src/IO004/IO004.c **** }
 609              		.loc 1 235 0
 610 0172 07F11407 		add	r7, r7, #20
 611 0176 BD46     		mov	sp, r7
 612 0178 80BC     		pop	{r7}
 613 017a 7047     		bx	lr
 614              		.cfi_endproc
 615              	.LFE119:
 617              		.text
 618              	.Letext0:
 619              		.file 2 "c:\\dave-3.1.10\\arm-gcc\\bin\\../lib/gcc/arm-none-eabi/4.7.4/../../../../arm-none-eabi/i
 620              		.file 3 "C:\\DAVE3_workspace\\mojWorkspace\\BachelorImproved1\\Dave\\Generated\\inc\\DAVESupport/.
 621              		.file 4 "C:\\DAVE-3.1.10\\eclipse\\/../CMSIS/Include/core_cm4.h"
 622              		.file 5 "C:\\DAVE3_workspace\\mojWorkspace\\BachelorImproved1\\Dave\\Generated\\inc\\DAVESupport/.
DEFINED SYMBOLS
                            *ABS*:00000000 IO004.c
C:\Users\Mateusz\AppData\Local\Temp\ccNkuMTc.s:20     .text.IO004_Init:00000000 $t
C:\Users\Mateusz\AppData\Local\Temp\ccNkuMTc.s:25     .text.IO004_Init:00000000 IO004_Init
C:\Users\Mateusz\AppData\Local\Temp\ccNkuMTc.s:224    .text.IO004_DisableOutputDriver:00000000 $t
C:\Users\Mateusz\AppData\Local\Temp\ccNkuMTc.s:229    .text.IO004_DisableOutputDriver:00000000 IO004_DisableOutputDriver
C:\Users\Mateusz\AppData\Local\Temp\ccNkuMTc.s:421    .text.IO004_EnableOutputDriver:00000000 $t
C:\Users\Mateusz\AppData\Local\Temp\ccNkuMTc.s:426    .text.IO004_EnableOutputDriver:00000000 IO004_EnableOutputDriver
                     .debug_frame:00000010 $d
                           .group:00000000 wm4.1.35166846b5321d4273ad8c4248893ac3
                           .group:00000000 wm4.XMC4500.h.45.215f4b8c79f46c7645c15373868d08c0
                           .group:00000000 wm4.core_cm4.h.47.41af406cb4cda82c972f112a9cd0a024
                           .group:00000000 wm4.newlib.h.8.a9901dc52d1357e3e94003403d43f8b5
                           .group:00000000 wm4.features.h.22.b72b3baab2bb2eab3661375590100b6b
                           .group:00000000 wm4.config.h.193.5fb8ef056cdff92dec3dee9552839d8c
                           .group:00000000 wm4._ansi.h.23.7aefdac4826acebbfc9f3822a0aeb14c
                           .group:00000000 wm4.stdint.h.20.54ad762faa59e3c05491630641c8d8bf
                           .group:00000000 wm4.core_cmInstr.h.39.3d3d1b4a79aef37532666dc6ee87c6ac
                           .group:00000000 wm4.core_cm4_simd.h.43.b5d1d38735af6366227b4256d330cf13
                           .group:00000000 wm4.core_cm4.h.178.e5ef5ce66d198d7f00f9d0076e267c41
                           .group:00000000 wm4.system_XMC4500.h.29.827f68baa362c84f2abae4ab67dde7c9
                           .group:00000000 wm4.XMC4500.h.198.8e022f279ff353ed081df898dc7b9cf3
                           .group:00000000 wm4.stddef.h.40.50cf36416e06376af8a9dca28536f2e4
                           .group:00000000 wm4.types.h.60.e75c47576398c648cdcf9000ace5e3d8
                           .group:00000000 wm4.MULTIPLEXER.h.46.4a863fbae1c79f0db26da3ce2dc30d02
                           .group:00000000 wm4.CCU8PWMLIB.h.74.725ec81203769525cc7a424597055f47
                           .group:00000000 wm4.MOTORLIB.h.62.951091d95913dd2ff36d761323a1771d
                           .group:00000000 wm4.DBG001.h.116.d6d9e7459a0faa3905c97c1d2edb339d
                           .group:00000000 wm4.uc_id.h.35.fa57ecd9f559d2767f56c96da2848c12
                           .group:00000000 wm4.CLK001_Const.h.50.e5e9c2ddc89f4cc9e7b93e9648fa94e4
                           .group:00000000 wm4.CLK001_Conf.h.81.82a8db895dc146da001475dd68223522
                           .group:00000000 wm4.Usic.h.58.a3e6728d1d20f5a5e52f483a06098d7b
                           .group:00000000 wm4.I2C001.h.97.5277d52889d6c741e048ea45ee1277b5
                           .group:00000000 wm4.I2C001_Conf.h.58.8dc4f48d59c07ab7aabfa000634f20d6
                           .group:00000000 wm4.IO004.h.53.442ea5eb47ad9eedc675253aa35f3107
                           .group:00000000 wm4.NVIC002_Conf.h.63.4cb383ec1dc83a7d3971985af232fba2
                           .group:00000000 wm4.SYSTM001.h.64.6ecb31c49bc3e7691644fdcdfc11b5cd
                           .group:00000000 wm4.UART001_Conf.h.53.25f1a2c84c9f0e515b40b3ac3580460d

UNDEFINED SYMBOLS
IO004_Handle0
IO004_Handle1
IO004_Handle2
IO004_Handle3
IO004_Handle4
